2023-06-01 15:59:33,391 [INFO] Activator:176 - 


2023-06-01 15:59:33,399 [INFO] Activator:177 - !SESSION log4j initialized
2023-06-01 15:59:42,589 [ERROR] LogOutputStream:75 - [STDERR_REDIRECT] 
2023-06-01 15:59:43,569 [INFO] LogOutputStream:77 - [STDOUT_REDIRECT] 
2023-06-01 15:59:46,030 [INFO] LogOutputStream:77 - [STDOUT_REDIRECT] 
2023-06-01 16:00:08,908 [ERROR] LogOutputStream:75 - [STDERR_REDIRECT] SLF4J: Failed to load class "org.slf4j.impl.StaticLoggerBinder".
2023-06-01 16:00:08,910 [ERROR] LogOutputStream:75 - [STDERR_REDIRECT] SLF4J: Defaulting to no-operation (NOP) logger implementation
2023-06-01 16:00:08,910 [ERROR] LogOutputStream:75 - [STDERR_REDIRECT] SLF4J: See http://www.slf4j.org/codes.html#StaticLoggerBinder for further details.
2023-06-01 16:09:34,160 [INFO] McuFinderGlobals:53 - Set McuFinder mode to 2 (CubeIDE integrated)
2023-06-01 16:09:34,393 [INFO] ApplicationProperties:184 - Using Application install path: /Applications/STM32CubeIDE.app/Contents/Eclipse/plugins/com.st.stm32cube.common.mx_6.8.1.202304191431
2023-06-01 16:09:34,418 [INFO] DbMcusXml:78 - Set database path to: /Applications/STM32CubeIDE.app/Contents/Eclipse/plugins/com.st.stm32cube.common.mx_6.8.1.202304191431//db//mcu/
2023-06-01 16:09:34,419 [INFO] ApiDb:274 - Set plugin database path to: /Applications/STM32CubeIDE.app/Contents/Eclipse/plugins/com.st.stm32cube.common.mx_6.8.1.202304191431//db//plugins/boardmanager/
2023-06-01 16:09:34,422 [WARN] ApiDb:259 - Overriding images path with different value:  => /Applications/STM32CubeIDE.app/Contents/Eclipse/plugins/com.st.stm32cube.common.mx_6.8.1.202304191431//db//plugins/mcufinder/images/
2023-06-01 16:09:34,450 [INFO] ApiDb:250 - Set database path to: /Users/nithish/.stmcufinder/plugins/mcufinder//mcu/
2023-06-01 16:09:34,452 [INFO] DbMcusAds:125 - Set database path to: /Users/nithish/.stmcufinder/plugins/mcufinder//mcu/
2023-06-01 16:09:34,519 [INFO] CrossReferenceDbSqlite:203 - Set database path to: /Users/nithish/.stmcufinder/plugins/mcufinder//mcu/cs/
2023-06-01 16:09:34,704 [INFO] RulesReader:64 - Compatibility file has been processed (293 Rules)
2023-06-01 16:09:34,796 [INFO] DbMcusXml:78 - Set database path to: /Applications/STM32CubeIDE.app/Contents/Eclipse/plugins/com.st.stm32cube.common.mx_6.8.1.202304191431//db//mcu/
2023-06-01 16:09:34,796 [INFO] ApiDb:274 - Set plugin database path to: /Applications/STM32CubeIDE.app/Contents/Eclipse/plugins/com.st.stm32cube.common.mx_6.8.1.202304191431//db//plugins/boardmanager/
2023-06-01 16:09:34,796 [INFO] ApiDb:261 - Set plugin images path to: /Applications/STM32CubeIDE.app/Contents/Eclipse/plugins/com.st.stm32cube.common.mx_6.8.1.202304191431//db//plugins/mcufinder/images/
2023-06-01 16:09:34,796 [WARN] DbFile:41 - Overriding database path with different value: /Users/nithish/.stmcufinder/plugins/mcufinder/ => /Users/nithish/.stmcufinder/plugins/mcufinder
2023-06-01 16:09:34,796 [INFO] ApiDb:250 - Set database path to: /Users/nithish/.stmcufinder/plugins/mcufinder//mcu/
2023-06-01 16:09:34,797 [WARN] DbFile:41 - Overriding database path with different value: /Users/nithish/.stmcufinder/plugins/mcufinder/ => /Users/nithish/.stmcufinder/plugins/mcufinder
2023-06-01 16:09:34,797 [INFO] DbMcusAds:125 - Set database path to: /Users/nithish/.stmcufinder/plugins/mcufinder//mcu/
2023-06-01 16:09:34,797 [WARN] DbFile:41 - Overriding database path with different value: /Users/nithish/.stmcufinder/plugins/mcufinder/ => /Users/nithish/.stmcufinder/plugins/mcufinder
2023-06-01 16:09:34,797 [WARN] DbFile:41 - Overriding database path with different value: /Users/nithish/.stmcufinder/plugins/mcufinder/ => /Users/nithish/.stmcufinder/plugins/mcufinder
2023-06-01 16:09:34,797 [INFO] CrossReferenceDbSqlite:203 - Set database path to: /Users/nithish/.stmcufinder/plugins/mcufinder//mcu/cs/
2023-06-01 16:09:34,935 [INFO] MainPanel:253 - HeapMemory: 447741952
2023-06-01 16:09:35,066 [INFO] DbMcusXml:78 - Set database path to: /Applications/STM32CubeIDE.app/Contents/Eclipse/plugins/com.st.stm32cube.common.mx_6.8.1.202304191431//db//mcu/
2023-06-01 16:09:35,067 [INFO] ApiDb:274 - Set plugin database path to: /Applications/STM32CubeIDE.app/Contents/Eclipse/plugins/com.st.stm32cube.common.mx_6.8.1.202304191431//db//plugins/boardmanager/
2023-06-01 16:09:35,067 [INFO] ApiDb:261 - Set plugin images path to: /Applications/STM32CubeIDE.app/Contents/Eclipse/plugins/com.st.stm32cube.common.mx_6.8.1.202304191431//db//plugins/mcufinder/images/
2023-06-01 16:09:35,067 [WARN] DbFile:41 - Overriding database path with different value: /Users/nithish/.stmcufinder/plugins/mcufinder/ => /Users/nithish/.stmcufinder/plugins/mcufinder
2023-06-01 16:09:35,068 [INFO] ApiDb:250 - Set database path to: /Users/nithish/.stmcufinder/plugins/mcufinder//mcu/
2023-06-01 16:09:35,068 [WARN] DbFile:41 - Overriding database path with different value: /Users/nithish/.stmcufinder/plugins/mcufinder/ => /Users/nithish/.stmcufinder/plugins/mcufinder
2023-06-01 16:09:35,068 [INFO] DbMcusAds:125 - Set database path to: /Users/nithish/.stmcufinder/plugins/mcufinder//mcu/
2023-06-01 16:09:35,068 [WARN] DbFile:41 - Overriding database path with different value: /Users/nithish/.stmcufinder/plugins/mcufinder/ => /Users/nithish/.stmcufinder/plugins/mcufinder
2023-06-01 16:09:35,068 [WARN] DbFile:41 - Overriding database path with different value: /Users/nithish/.stmcufinder/plugins/mcufinder/ => /Users/nithish/.stmcufinder/plugins/mcufinder
2023-06-01 16:09:35,068 [INFO] CrossReferenceDbSqlite:203 - Set database path to: /Users/nithish/.stmcufinder/plugins/mcufinder//mcu/cs/
2023-06-01 16:09:35,099 [INFO] ApplicationProperties:184 - Using Application install path: /Applications/STM32CubeIDE.app/Contents/Eclipse/plugins/com.st.stm32cube.common.mx_6.8.1.202304191431
2023-06-01 16:09:35,101 [INFO] PluginManage:196 - Search for loadable plugins [exclusion list=, ]
2023-06-01 16:09:35,104 [INFO] PluginManage:310 - Check plugin analytics
2023-06-01 16:09:36,456 [INFO] AnalyticsPlugin:253 - Accepted Software Licenses: 
2023-06-01 16:09:36,457 [INFO] AnalyticsPlugin:255 - Accepted CMSIS Pack Licenses: 
2023-06-01 16:09:36,457 [INFO] AnalyticsPlugin:257 - Accepted Firmware Licenses: FW.G0.1.6.0
2023-06-01 16:09:36,471 [INFO] PluginManage:359 - Loaded plugin analytics (category:tool,tabindex:-1)
2023-06-01 16:09:36,476 [INFO] PluginManage:310 - Check plugin cadmodel
2023-06-01 16:09:36,918 [INFO] CADModel:105 - Init CAD model plugin
2023-06-01 16:09:36,918 [INFO] PluginManage:359 - Loaded plugin cadmodel (category:power,tabindex:5)
2023-06-01 16:09:36,919 [INFO] PluginManage:310 - Check plugin clock
2023-06-01 16:09:36,940 [INFO] PluginManage:359 - Loaded plugin clock (category:base,tabindex:2)
2023-06-01 16:09:36,940 [INFO] PluginManage:310 - Check plugin ddr
2023-06-01 16:09:36,944 [INFO] PluginManage:359 - Loaded plugin ddr (category:tool,tabindex:6)
2023-06-01 16:09:36,944 [INFO] PluginManage:310 - Check plugin filemanager
2023-06-01 16:09:37,190 [INFO] PluginManage:359 - Loaded plugin filemanager (category:base,tabindex:10)
2023-06-01 16:09:37,191 [INFO] PluginManage:310 - Check plugin ipmanager
2023-06-01 16:09:37,208 [INFO] PluginManage:359 - Loaded plugin ipmanager (category:base,tabindex:5)
2023-06-01 16:09:37,209 [INFO] PluginManage:310 - Check plugin lpbam
2023-06-01 16:09:37,227 [INFO] PluginManage:359 - Loaded plugin lpbam (category:base,tabindex:0)
2023-06-01 16:09:37,227 [INFO] PluginManage:310 - Check plugin pinoutandconfiguration
2023-06-01 16:09:37,236 [INFO] PluginManage:359 - Loaded plugin pinoutandconfiguration (category:base,tabindex:1)
2023-06-01 16:09:37,236 [INFO] PluginManage:310 - Check plugin pinoutconfig
2023-06-01 16:09:37,388 [WARN] SupportedApi:132 - Cannot load RTOS API schema: s4s-elt-must-match.1: The content of 'definitions' must match (annotation?, (simpleType | complexType)?, (unique | key | keyref)*)). A problem was found starting at: attribute.
2023-06-01 16:09:37,905 [INFO] PluginManage:359 - Loaded plugin pinoutconfig (category:base,tabindex:0)
2023-06-01 16:09:37,909 [INFO] PluginManage:310 - Check plugin power
2023-06-01 16:09:37,951 [INFO] PluginManage:359 - Loaded plugin power (category:power,tabindex:4)
2023-06-01 16:09:37,951 [INFO] PluginManage:310 - Check plugin projectmanager
2023-06-01 16:09:38,011 [INFO] PluginManage:359 - Loaded plugin projectmanager (category:projectmanager,tabindex:3)
2023-06-01 16:09:38,011 [INFO] PluginManage:310 - Check plugin thirdparty
2023-06-01 16:09:38,216 [INFO] PluginManage:359 - Loaded plugin thirdparty (category:base,tabindex:-1)
2023-06-01 16:09:38,217 [INFO] PluginManage:310 - Check plugin tools
2023-06-01 16:09:38,215 [WARN] IntegrityCheckThread:84 - waiting for thirdparty lock release [integrity check]
2023-06-01 16:09:38,221 [INFO] IntegrityCheckThread:86 - entering critical section [integrity check]
2023-06-01 16:09:38,222 [INFO] PluginManage:359 - Loaded plugin tools (category:base,tabindex:7)
2023-06-01 16:09:38,223 [INFO] PluginManage:310 - Check plugin tutovideos
2023-06-01 16:09:38,223 [INFO] ThirdPartyUpdaterWithRetryManager:70 - Updater plugin not ready yet. [1/15]
2023-06-01 16:09:38,505 [INFO] PluginManage:359 - Loaded plugin tutovideos (category:base,tabindex:-1)
2023-06-01 16:09:38,505 [INFO] PluginManage:310 - Check plugin updater
2023-06-01 16:09:38,538 [INFO] PluginManage:359 - Loaded plugin updater (category:base,tabindex:12)
2023-06-01 16:09:38,541 [INFO] PluginManage:283 - PluginManage : Loaded plugins [15]
2023-06-01 16:09:38,981 [INFO] PinOutPanel:1499 - setPackage(No Configuration,No Configuration)
2023-06-01 16:09:39,084 [INFO] CADModel:165 - CPN selected for project level
2023-06-01 16:09:39,084 [INFO] CADModel:114 - Register for checkConnection events
2023-06-01 16:09:39,104 [INFO] IPUIPlugin:80 - create IPUIPlugin
2023-06-01 16:09:39,105 [INFO] PluginManager:220 - loadIPPluginJar : add mdma
2023-06-01 16:09:39,115 [INFO] IPUIPlugin:80 - create IPUIPlugin
2023-06-01 16:09:39,115 [INFO] PluginManager:220 - loadIPPluginJar : add freertos
2023-06-01 16:09:39,122 [INFO] IPUIPlugin:80 - create IPUIPlugin
2023-06-01 16:09:39,122 [INFO] PluginManager:220 - loadIPPluginJar : add gic
2023-06-01 16:09:39,138 [INFO] IPUIPlugin:80 - create IPUIPlugin
2023-06-01 16:09:39,138 [INFO] PluginManager:220 - loadIPPluginJar : add adc
2023-06-01 16:09:39,141 [INFO] IPUIPlugin:80 - create IPUIPlugin
2023-06-01 16:09:39,141 [INFO] PluginManager:220 - loadIPPluginJar : add gtzc
2023-06-01 16:09:39,142 [INFO] IPUIPlugin:80 - create IPUIPlugin
2023-06-01 16:09:39,143 [INFO] PluginManager:220 - loadIPPluginJar : add quadspi
2023-06-01 16:09:39,146 [INFO] IPUIPlugin:80 - create IPUIPlugin
2023-06-01 16:09:39,146 [INFO] PluginManager:220 - loadIPPluginJar : add aes
2023-06-01 16:09:39,149 [INFO] IPUIPlugin:80 - create IPUIPlugin
2023-06-01 16:09:39,149 [INFO] PluginManager:220 - loadIPPluginJar : add pdm2pcm
2023-06-01 16:09:39,150 [INFO] IPUIPlugin:80 - create IPUIPlugin
2023-06-01 16:09:39,150 [INFO] PluginManager:220 - loadIPPluginJar : add hash
2023-06-01 16:09:39,152 [INFO] IPUIPlugin:80 - create IPUIPlugin
2023-06-01 16:09:39,152 [INFO] PluginManager:220 - loadIPPluginJar : add tim
2023-06-01 16:09:39,153 [INFO] IPUIPlugin:80 - create IPUIPlugin
2023-06-01 16:09:39,153 [INFO] PluginManager:220 - loadIPPluginJar : add tsc
2023-06-01 16:09:39,157 [INFO] IPUIPlugin:80 - create IPUIPlugin
2023-06-01 16:09:39,158 [INFO] PluginManager:220 - loadIPPluginJar : add ts
2023-06-01 16:09:39,161 [INFO] IPUIPlugin:80 - create IPUIPlugin
2023-06-01 16:09:39,162 [INFO] PluginManager:220 - loadIPPluginJar : add can
2023-06-01 16:09:39,163 [INFO] IPUIPlugin:80 - create IPUIPlugin
2023-06-01 16:09:39,163 [INFO] PluginManager:220 - loadIPPluginJar : add dma3
2023-06-01 16:09:39,166 [INFO] IPUIPlugin:80 - create IPUIPlugin
2023-06-01 16:09:39,166 [INFO] PluginManager:220 - loadIPPluginJar : add dfsdm
2023-06-01 16:09:39,167 [INFO] IPUIPlugin:80 - create IPUIPlugin
2023-06-01 16:09:39,167 [INFO] PluginManager:220 - loadIPPluginJar : add spi
2023-06-01 16:09:39,169 [INFO] IPUIPlugin:80 - create IPUIPlugin
2023-06-01 16:09:39,169 [INFO] PluginManager:220 - loadIPPluginJar : add gfxmmu
2023-06-01 16:09:39,171 [INFO] IPUIPlugin:80 - create IPUIPlugin
2023-06-01 16:09:39,171 [INFO] PluginManager:220 - loadIPPluginJar : add genericplugin
2023-06-01 16:09:39,174 [INFO] IPUIPlugin:80 - create IPUIPlugin
2023-06-01 16:09:39,175 [INFO] PluginManager:220 - loadIPPluginJar : add cryp
2023-06-01 16:09:39,179 [INFO] IPUIPlugin:80 - create IPUIPlugin
2023-06-01 16:09:39,179 [INFO] PluginManager:220 - loadIPPluginJar : add gpio
2023-06-01 16:09:39,180 [INFO] IPUIPlugin:80 - create IPUIPlugin
2023-06-01 16:09:39,180 [INFO] PluginManager:220 - loadIPPluginJar : add comp
2023-06-01 16:09:39,182 [INFO] IPUIPlugin:80 - create IPUIPlugin
2023-06-01 16:09:39,182 [INFO] PluginManager:220 - loadIPPluginJar : add tracer_emb
2023-06-01 16:09:39,185 [INFO] IPUIPlugin:80 - create IPUIPlugin
2023-06-01 16:09:39,185 [INFO] PluginManager:220 - loadIPPluginJar : add openamp
2023-06-01 16:09:39,190 [INFO] IPUIPlugin:80 - create IPUIPlugin
2023-06-01 16:09:39,191 [INFO] PluginManager:220 - loadIPPluginJar : add stm32_wpan
2023-06-01 16:09:39,198 [INFO] IPUIPlugin:80 - create IPUIPlugin
2023-06-01 16:09:39,205 [INFO] PluginManager:220 - loadIPPluginJar : add plateformsettings
2023-06-01 16:09:39,211 [INFO] IPUIPlugin:80 - create IPUIPlugin
2023-06-01 16:09:39,211 [INFO] PluginManager:220 - loadIPPluginJar : add ipddr
2023-06-01 16:09:39,214 [INFO] IPUIPlugin:80 - create IPUIPlugin
2023-06-01 16:09:39,214 [INFO] PluginManager:220 - loadIPPluginJar : add usart
2023-06-01 16:09:39,215 [INFO] IPUIPlugin:80 - create IPUIPlugin
2023-06-01 16:09:39,216 [INFO] PluginManager:220 - loadIPPluginJar : add ltdc
2023-06-01 16:09:39,219 [INFO] IPUIPlugin:80 - create IPUIPlugin
2023-06-01 16:09:39,219 [INFO] PluginManager:220 - loadIPPluginJar : add nvic
2023-06-01 16:09:39,221 [INFO] IPUIPlugin:80 - create IPUIPlugin
2023-06-01 16:09:39,221 [INFO] PluginManager:220 - loadIPPluginJar : add fatfs
2023-06-01 16:09:39,232 [INFO] IPUIPlugin:80 - create IPUIPlugin
2023-06-01 16:09:39,232 [INFO] PluginManager:220 - loadIPPluginJar : add linkedlist
2023-06-01 16:09:39,238 [INFO] IPUIPlugin:80 - create IPUIPlugin
2023-06-01 16:09:39,239 [INFO] PluginManager:220 - loadIPPluginJar : add dma
2023-06-01 16:09:39,244 [INFO] IPUIPlugin:80 - create IPUIPlugin
2023-06-01 16:09:39,244 [INFO] PluginManager:220 - loadIPPluginJar : add fmc
2023-06-01 16:09:39,246 [INFO] IPUIPlugin:80 - create IPUIPlugin
2023-06-01 16:09:39,246 [INFO] PluginManager:220 - loadIPPluginJar : add i2s
2023-06-01 16:09:39,247 [INFO] IPUIPlugin:80 - create IPUIPlugin
2023-06-01 16:09:39,247 [INFO] PluginManager:220 - loadIPPluginJar : add ucpd
2023-06-01 16:09:39,249 [INFO] IPUIPlugin:80 - create IPUIPlugin
2023-06-01 16:09:39,249 [INFO] PluginManager:220 - loadIPPluginJar : add lorawan
2023-06-01 16:09:39,251 [INFO] IPUIPlugin:80 - create IPUIPlugin
2023-06-01 16:09:39,251 [INFO] PluginManager:220 - loadIPPluginJar : add opamp
2023-06-01 16:09:39,254 [INFO] IPUIPlugin:80 - create IPUIPlugin
2023-06-01 16:09:39,254 [INFO] PluginManager:220 - loadIPPluginJar : add i3c
2023-06-01 16:09:39,256 [INFO] IPUIPlugin:80 - create IPUIPlugin
2023-06-01 16:09:39,256 [INFO] PluginManager:220 - loadIPPluginJar : add touchsensing
2023-06-01 16:09:39,258 [INFO] IPUIPlugin:80 - create IPUIPlugin
2023-06-01 16:09:39,258 [INFO] PluginManager:220 - loadIPPluginJar : add i2c
2023-06-01 16:09:39,262 [INFO] IPUIPlugin:80 - create IPUIPlugin
2023-06-01 16:09:39,262 [INFO] PluginManager:220 - loadIPPluginJar : add resmgrutility
2023-06-01 16:09:39,265 [INFO] IPUIPlugin:80 - create IPUIPlugin
2023-06-01 16:09:39,265 [INFO] PluginManager:220 - loadIPPluginJar : add sai
2023-06-01 16:09:39,268 [INFO] IPUIPlugin:80 - create IPUIPlugin
2023-06-01 16:09:39,268 [INFO] PluginManager:220 - loadIPPluginJar : add usbx
2023-06-01 16:09:39,413 [INFO] CADModel:165 - CPN selected for project level
2023-06-01 16:09:39,413 [INFO] CADModel:114 - Register for checkConnection events
2023-06-01 16:09:39,414 [FATAL] Updater:308 - Updater called before beeing initialized
2023-06-01 16:09:39,414 [ERROR] CADModel:125 - Updater not yet initialized, retry later 
2023-06-01 16:09:39,692 [INFO] CADModel:165 - CPN selected for project level
2023-06-01 16:09:39,692 [INFO] CADModel:114 - Register for checkConnection events
2023-06-01 16:09:39,692 [FATAL] Updater:308 - Updater called before beeing initialized
2023-06-01 16:09:39,692 [ERROR] CADModel:125 - Updater not yet initialized, retry later 
2023-06-01 16:09:39,697 [FATAL] Updater:308 - Updater called before beeing initialized
2023-06-01 16:09:39,924 [FATAL] Updater:308 - Updater called before beeing initialized
2023-06-01 16:09:40,057 [INFO] DbMcusAds:53 - JSON generation date=Tue Mar 07 14:20:54 IST 2023 (1678179054945)
2023-06-01 16:09:40,064 [FATAL] Updater:308 - Updater called before beeing initialized
2023-06-01 16:09:40,211 [WARN] DetailPanel:346 - Failed to get advertising image, set to default
2023-06-01 16:09:40,454 [FATAL] Updater:308 - Updater called before beeing initialized
2023-06-01 16:09:40,473 [FATAL] Updater:308 - Updater called before beeing initialized
2023-06-01 16:09:40,474 [FATAL] Updater:308 - Updater called before beeing initialized
2023-06-01 16:09:40,474 [WARN] DetailPanel:346 - Failed to get advertising image, set to default
2023-06-01 16:09:40,481 [FATAL] Updater:308 - Updater called before beeing initialized
2023-06-01 16:09:40,816 [ERROR] Updater:1120 - MainUpdater not yet initialized. External WinMGr cannot be set.
2023-06-01 16:09:40,860 [INFO] Updater:1056 - Updater Version found : 6.8.1
2023-06-01 16:09:40,902 [INFO] ApplicationProperties:184 - Using Application install path: /Applications/STM32CubeIDE.app/Contents/Eclipse/plugins/com.st.stm32cube.common.mx_6.8.1.202304191431
2023-06-01 16:09:41,229 [INFO] ThirdPartyUpdaterWithRetryManager:70 - Updater plugin not ready yet. [2/15]
2023-06-01 16:09:42,004 [INFO] MainUpdater:2854 - connection check result : 10
2023-06-01 16:09:42,010 [INFO] MainUpdater:283 - Updater Check For Update Now.
2023-06-01 16:09:42,010 [INFO] MicroXplorer:498 - Change Database Version : DB.6.0.81
2023-06-01 16:09:42,353 [INFO] CheckServerUpdateThread:120 - End of CheckServer Thread
2023-06-01 16:09:42,458 [INFO] MainUpdater:2854 - connection check result : 10
2023-06-01 16:09:42,461 [INFO] MainUpdater:2854 - connection check result : 10
2023-06-01 16:09:44,207 [INFO] MicroXplorer:468 - Change Database Path : 
2023-06-01 16:09:44,207 [INFO] MicroXplorer:498 - Change Database Version : DB.6.0.81
2023-06-01 16:09:44,214 [WARN] ThirdParty:871 - waiting for thirdparty lock release [close project]
2023-06-01 16:09:44,443 [WARN] PackLoader:240 - Cannot read IP mode file for STMicroelectronics.X-CUBE-GNSS1.6.0.0
2023-06-01 16:09:44,534 [WARN] PackLoader:240 - Cannot read IP mode file for STMicroelectronics.X-CUBE-AZRTOS-F4.1.1.0
2023-06-01 16:09:44,603 [WARN] PackLoader:240 - Cannot read IP mode file for STMicroelectronics.X-CUBE-SMBUS.2.1.0
2023-06-01 16:09:44,624 [WARN] PackLoader:240 - Cannot read IP mode file for wolfSSL.I-CUBE-wolfSSL.5.6.0
2023-06-01 16:09:44,732 [WARN] PackLoader:240 - Cannot read IP mode file for STMicroelectronics.X-CUBE-AZRTOS-F7.1.1.0
2023-06-01 16:09:45,344 [WARN] PackLoader:240 - Cannot read IP mode file for STMicroelectronics.X-CUBE-MEMS1.9.6.0
2023-06-01 16:09:45,931 [ERROR] RealEvaluatedCondition:428 - Found unsupported composite condition: CLASS='Data Exchange' GROUP='STM32_MetaDataManager'
2023-06-01 16:09:45,933 [ERROR] RealEvaluatedCondition:428 - Found unsupported composite condition: GROUP='STM32_MetaDataManager' CLASS='Data Exchange'
2023-06-01 16:09:45,979 [WARN] PackLoader:240 - Cannot read IP mode file for STMicroelectronics.FP-SNS-MOTENV1.4.3.0
2023-06-01 16:09:46,018 [WARN] PackLoader:240 - Cannot read IP mode file for STMicroelectronics.FP-SNS-FLIGHT1.5.0.0
2023-06-01 16:09:46,027 [ERROR] RealEvaluatedCondition:428 - Found unsupported composite condition: GROUP='STM32_MetaDataManager' CLASS='Data Exchange'
2023-06-01 16:09:46,027 [ERROR] RealEvaluatedCondition:428 - Found unsupported composite condition: CLASS='Data Exchange' GROUP='STM32_MetaDataManager'
2023-06-01 16:09:46,034 [WARN] PackLoader:240 - Cannot read IP mode file for STMicroelectronics.FP-SNS-MOTENV1.4.3.1
2023-06-01 16:09:46,043 [WARN] PackLoader:240 - Cannot read IP mode file for STMicroelectronics.FP-SNS-FLIGHT1.5.0.1
2023-06-01 16:09:46,187 [WARN] PackLoader:240 - Cannot read IP mode file for STMicroelectronics.X-CUBE-BLE1.6.2.4
2023-06-01 16:09:46,366 [WARN] PackLoader:240 - Cannot read IP mode file for emotas.I-CUBE-CANOPEN.1.1.3
2023-06-01 16:09:46,398 [WARN] PackLoader:240 - Cannot read IP mode file for STMicroelectronics.X-CUBE-BLEMGR.2.0.0
2023-06-01 16:09:46,495 [WARN] ConditionMgr:438 - getConditionDescription Invalid condition id : UX DEVICE CLASS RTOS Condition cause : null
2023-06-01 16:09:46,496 [WARN] ConditionMgr:438 - getConditionDescription Invalid condition id : UX DEVICE CLASS RTOS Condition cause : null
2023-06-01 16:09:46,515 [WARN] PackLoader:240 - Cannot read IP mode file for STMicroelectronics.X-CUBE-AZRTOS-H7.3.1.0
2023-06-01 16:09:46,523 [WARN] ConditionMgr:1039 - genDependencies : Invalid condition id : UX DEVICE CLASS RTOS Condition cause : null
2023-06-01 16:09:46,523 [WARN] ConditionMgr:1039 - genDependencies : Invalid condition id : UX DEVICE CLASS RTOS Condition cause : null
2023-06-01 16:09:46,526 [WARN] ConditionMgr:1039 - genDependencies : Invalid condition id : UX DEVICE CLASS RTOS Condition cause : null
2023-06-01 16:09:46,528 [WARN] ConditionMgr:1039 - genDependencies : Invalid condition id : UX DEVICE CLASS RTOS Condition cause : null
2023-06-01 16:09:46,528 [WARN] ConditionMgr:1039 - genDependencies : Invalid condition id : UX DEVICE CLASS RTOS Condition cause : null
2023-06-01 16:09:46,574 [WARN] PackLoader:240 - Cannot read IP mode file for STMicroelectronics.X-CUBE-DISPLAY.3.0.0
2023-06-01 16:09:46,602 [WARN] PackLoader:240 - Cannot read IP mode file for STMicroelectronics.X-CUBE-NFC7.1.0.0
2023-06-01 16:09:46,612 [WARN] PackLoader:240 - Cannot read IP mode file for STMicroelectronics.X-CUBE-EEPRMA1.4.1.0
2023-06-01 16:09:46,671 [WARN] ConditionMgr:438 - getConditionDescription Invalid condition id : LAN8742 Phy interface Condition cause : null
2023-06-01 16:09:46,674 [WARN] PackLoader:240 - Cannot read IP mode file for STMicroelectronics.X-CUBE-AZRTOS-L4.2.0.0
2023-06-01 16:09:46,679 [WARN] ConditionMgr:1039 - genDependencies : Invalid condition id : LAN8742 Phy interface Condition cause : null
2023-06-01 16:09:46,679 [WARN] ConditionMgr:1039 - genDependencies : Invalid condition id : LAN8742 Phy interface Condition cause : null
2023-06-01 16:09:46,681 [WARN] ConditionMgr:1039 - genDependencies : Invalid condition id : LAN8742 Phy interface Condition cause : null
2023-06-01 16:09:46,703 [WARN] PackLoader:240 - Cannot read IP mode file for WES.I-CUBE-Cesium.1.3.0
2023-06-01 16:09:46,715 [WARN] PackLoader:240 - Cannot read IP mode file for STMicroelectronics.X-CUBE-SFXS2LP1.4.0.0
2023-06-01 16:09:46,726 [WARN] PackLoader:240 - Cannot read IP mode file for STMicroelectronics.X-CUBE-BLE2.3.3.0
2023-06-01 16:09:46,743 [WARN] PackLoader:240 - Cannot read IP mode file for STMicroelectronics.X-CUBE-ISPU.1.1.0
2023-06-01 16:09:46,755 [WARN] PackLoader:240 - Cannot read IP mode file for STMicroelectronics.X-CUBE-FREERTOS.1.0.1
2023-06-01 16:09:46,765 [WARN] PackLoader:240 - Cannot read IP mode file for STMicroelectronics.X-CUBE-TOUCHGFX.4.21.4
2023-06-01 16:09:46,773 [WARN] PackLoader:240 - Cannot read IP mode file for STMicroelectronics.X-CUBE-ALGOBUILD.1.3.0
2023-06-01 16:09:46,807 [WARN] PackLoader:240 - Cannot read IP mode file for STMicroelectronics.X-CUBE-AZRTOS-L5.1.1.0
2023-06-01 16:09:46,884 [WARN] PackLoader:240 - Cannot read IP mode file for STMicroelectronics.X-CUBE-AZRTOS-G0.1.1.0
2023-06-01 16:09:46,917 [WARN] PackLoader:240 - Cannot read IP mode file for STMicroelectronics.X-CUBE-AI.8.0.1
2023-06-01 16:09:46,938 [WARN] PackLoader:240 - Cannot read IP mode file for STMicroelectronics.X-CUBE-SUBG2.5.0.0
2023-06-01 16:09:46,962 [WARN] PackLoader:240 - Cannot read IP mode file for STMicroelectronics.X-CUBE-NFC4.3.0.0
2023-06-01 16:09:46,998 [WARN] PackLoader:240 - Cannot read IP mode file for STMicroelectronics.X-CUBE-AZRTOS-G4.2.0.0
2023-06-01 16:09:47,041 [WARN] PackLoader:240 - Cannot read IP mode file for STMicroelectronics.X-CUBE-TOF1.3.3.0
2023-06-01 16:09:47,062 [WARN] PackLoader:240 - Cannot read IP mode file for STMicroelectronics.FP-ATR-SIGFOX1.3.2.0
2023-06-01 16:09:47,103 [WARN] PackLoader:240 - Cannot read IP mode file for STMicroelectronics.X-CUBE-AZRTOS-L4.1.0.0
2023-06-01 16:09:47,139 [WARN] PackLoader:240 - Cannot read IP mode file for STMicroelectronics.X-CUBE-AZRTOS-WL.1.0.0
2023-06-01 16:09:47,170 [WARN] PackLoader:240 - Cannot read IP mode file for portGmbH.I-Cube-SoM-uGOAL.1.1.0
2023-06-01 16:09:47,176 [WARN] PackLoader:240 - Cannot read IP mode file for STMicroelectronics.X-CUBE-ALS.1.0.1
2023-06-01 16:09:47,212 [WARN] PackLoader:240 - Cannot read IP mode file for STMicroelectronics.X-CUBE-AZRTOS-WB.1.1.0
2023-06-01 16:09:47,368 [WARN] PackLoader:240 - Cannot read IP mode file for SEGGER.I-CUBE-embOS.1.3.1
2023-06-01 16:09:47,634 [WARN] PackLoader:240 - Cannot read IP mode file for STMicroelectronics.FP-ATR-ASTRA1.2.0.0
2023-06-01 16:09:47,653 [INFO] ThirdParty:978 - Integrity check success = true
2023-06-01 16:09:47,654 [INFO] IntegrityCheckThread:100 - exiting critical section [integrity check]
2023-06-01 16:09:47,654 [INFO] IntegrityCheckThread:103 - End integrity checks thread
2023-06-01 16:09:47,654 [INFO] ThirdParty:873 - entering critical section [close project]
2023-06-01 16:09:47,671 [INFO] ThirdParty:883 - exiting critical section [close project]
2023-06-01 16:09:47,734 [INFO] PinOutPanel:1499 - setPackage(No Configuration,No Configuration)
2023-06-01 16:09:47,797 [INFO] UtilMem:75 - Begin LoadConfig() Used Memory: 438601808 Bytes (467664896)
2023-06-01 16:09:47,808 [INFO] MicroXplorer:468 - Change Database Path : 
2023-06-01 16:09:47,808 [INFO] MicroXplorer:498 - Change Database Version : DB.6.0.81
2023-06-01 16:09:47,810 [INFO] OpenFileManager:308 - Change cursor
2023-06-01 16:09:48,021 [INFO] Mcu:1937 - Initializing MCU STM32G070RBTx STM32G070RBTx STM32G070RBT6
2023-06-01 16:09:51,266 [INFO] Context:659 - Trying to add GPIOservice into a context  which must be forbidden
2023-06-01 16:09:53,596 [INFO] RtosManager:555 - Registered RTOS mode: class=CMSIS, group=RTOS, mode=CMSIS_V1, owner=FREERTOS
2023-06-01 16:09:53,599 [INFO] RtosManager:555 - Registered RTOS mode: class=CMSIS, group=RTOS2, mode=CMSIS_V2, owner=FREERTOS
2023-06-01 16:09:53,599 [INFO] RtosManager:555 - Registered RTOS mode: class=RTOS, group=Core, mode=CMSIS_V1, owner=FREERTOS
2023-06-01 16:09:53,599 [INFO] RtosManager:555 - Registered RTOS mode: class=RTOS, group=Core, mode=CMSIS_V2, owner=FREERTOS
2023-06-01 16:09:53,600 [WARN] ModelIntegratedComponent:184 - Missing modes for component STMicroelectronics:FreeRTOS:0.0.1:STMicroelectronics:RTOS:FreeRTOS:Core:::10.2.0:
2023-06-01 16:09:53,624 [WARN] ModelIntegratedComponent:63 - No mode defined for component null
2023-06-01 16:09:53,625 [WARN] ModelIntegratedComponent:63 - No mode defined for component null
2023-06-01 16:09:53,625 [WARN] ModelIntegratedComponent:63 - No mode defined for component null
2023-06-01 16:09:53,625 [WARN] ModelIntegratedComponent:63 - No mode defined for component null
2023-06-01 16:09:53,625 [WARN] ModelIntegratedComponent:63 - No mode defined for component null
2023-06-01 16:09:53,625 [WARN] ModelIntegratedComponent:63 - No mode defined for component null
2023-06-01 16:09:53,625 [WARN] ModelIntegratedComponent:63 - No mode defined for component null
2023-06-01 16:09:53,625 [WARN] ModelIntegratedComponent:63 - No mode defined for component null
2023-06-01 16:09:53,625 [WARN] ModelIntegratedComponent:63 - No mode defined for component null
2023-06-01 16:09:53,625 [WARN] ModelIntegratedComponent:63 - No mode defined for component null
2023-06-01 16:09:53,625 [WARN] ModelIntegratedComponent:63 - No mode defined for component null
2023-06-01 16:09:53,625 [WARN] ModelIntegratedComponent:63 - No mode defined for component null
2023-06-01 16:09:53,625 [WARN] ModelIntegratedComponent:63 - No mode defined for component null
2023-06-01 16:09:53,625 [WARN] ModelIntegratedComponent:63 - No mode defined for component null
2023-06-01 16:09:53,625 [WARN] ModelIntegratedComponent:63 - No mode defined for component null
2023-06-01 16:09:53,626 [WARN] ModelIntegratedComponent:63 - No mode defined for component null
2023-06-01 16:09:53,626 [WARN] ModelIntegratedComponent:63 - No mode defined for component null
2023-06-01 16:09:53,626 [WARN] ModelIntegratedComponent:63 - No mode defined for component null
2023-06-01 16:09:53,626 [WARN] ModelIntegratedComponent:63 - No mode defined for component null
2023-06-01 16:09:53,626 [WARN] ModelIntegratedComponent:63 - No mode defined for component null
2023-06-01 16:09:53,626 [WARN] ModelIntegratedComponent:63 - No mode defined for component null
2023-06-01 16:09:53,626 [WARN] ModelIntegratedComponent:63 - No mode defined for component null
2023-06-01 16:09:53,626 [WARN] ModelIntegratedComponent:63 - No mode defined for component null
2023-06-01 16:09:53,626 [WARN] ModelIntegratedComponent:63 - No mode defined for component null
2023-06-01 16:09:53,626 [WARN] ModelIntegratedComponent:63 - No mode defined for component null
2023-06-01 16:09:53,626 [WARN] ModelIntegratedComponent:63 - No mode defined for component null
2023-06-01 16:09:53,626 [WARN] ModelIntegratedComponent:63 - No mode defined for component null
2023-06-01 16:09:53,626 [WARN] ModelIntegratedComponent:63 - No mode defined for component null
2023-06-01 16:09:53,626 [WARN] ModelIntegratedComponent:63 - No mode defined for component null
2023-06-01 16:09:53,626 [WARN] ModelIntegratedComponent:63 - No mode defined for component null
2023-06-01 16:09:53,627 [WARN] ModelIntegratedComponent:63 - No mode defined for component null
2023-06-01 16:09:53,627 [WARN] ModelIntegratedComponent:63 - No mode defined for component null
2023-06-01 16:09:53,627 [WARN] ModelIntegratedComponent:63 - No mode defined for component null
2023-06-01 16:09:53,677 [INFO] ThirdPartyModel:298 - Start build external matchings
2023-06-01 16:09:54,457 [INFO] ThirdPartyModel:316 - End build external matchings
2023-06-01 16:09:54,953 [INFO] UtilMem:75 - End LoadConfig() Used Memory: 467863656 Bytes (557842432)
2023-06-01 16:09:56,506 [INFO] ApiDb:581 - Connected to CubeFinder SQLite database (/Users/nithish/.stmcufinder/plugins/mcufinder/mcu/cube-finder-db.db)
2023-06-01 16:09:56,605 [INFO] ApiDb:668 - CubeFinder database Data Model version=2.1
2023-06-01 16:09:56,605 [INFO] ApiDb:669 - CubeFinder database Configuration version=3.0.35
2023-06-01 16:09:56,607 [INFO] ApiDb:670 - CubeFinder database generation date=2023-05-12 (1683877179)
2023-06-01 16:09:56,608 [INFO] ApiDb:671 - CubeFinder database FW Pack versions=[FP-ATR-ASTRA1_V2.0.0, FP-SNS-FLIGHT1_V5.0.0, FP-SNS-MOTENV1_V4.3.0, STM32Cube_FW_C0_V1.0.1, STM32Cube_FW_F0_V1.11.4, STM32Cube_FW_F3_V1.11.4, STM32Cube_FW_F4_V1.27.1, STM32Cube_FW_F7_V1.17.0, STM32Cube_FW_G0_V1.6.1, STM32Cube_FW_G4_V1.5.1, STM32Cube_FW_H5_V0.5.1, STM32Cube_FW_H5_V1.0.0, STM32Cube_FW_H7_V1.11.0, STM32Cube_FW_L0_V1.12.2, STM32Cube_FW_L5_V1.5.0, STM32Cube_FW_U5_V1.2.0, STM32Cube_FW_WBA_V1.0.0, STM32Cube_FW_WBA_V1.0.0RC1, STM32Cube_FW_WBA_V1.0.0RC3, STM32Cube_FW_WB_V1.15.0RC1, STM32Cube_FW_WB_V1.16.0, STM32Cube_FW_WB_V1.16.0RC2, STM32Cube_FW_WL_V1.3.0, X-CUBE-ALGOBUILD_V1.3.0, X-CUBE-ALS_V1.0.1, X-CUBE-AZRTOS-F4_V1.1.0, X-CUBE-AZRTOS-F7_V1.1.0, X-CUBE-AZRTOS-G0_V1.1.0, X-CUBE-AZRTOS-G4_V2.0.0, X-CUBE-AZRTOS-H7_V3.1.0, X-CUBE-AZRTOS-L4_V1.0.0, X-CUBE-AZRTOS-L5_V1.1.0, X-CUBE-AZRTOS-WB_V1.1.0, X-CUBE-AZRTOS-WL_V1.0.0, X-CUBE-BLE1_V6.2.4, X-CUBE-BLE2_V3.3.0, X-CUBE-BLEMGR_V2.0.0, X-CUBE-EEPRMA1_V4.1.0, X-CUBE-FREERTOS_V1.0.1, X-CUBE-GNSS1_V6.0.0, X-CUBE-MEMS1_V9.1.0, X-CUBE-MEMS1_V9.4.0, X-CUBE-MEMS1_V9.6.0, X-CUBE-NFC4_V3.0.0, X-CUBE-NFC7_V1.0.0, X-CUBE-SFXS2LP1_V4.0.0, X-CUBE-SUBG2_V5.0.0]
2023-06-01 16:09:58,671 [INFO] ApiDb:240 - Found 297 in-development CPN: [B-G473E-ZEST1S, B-WB1M-WPAN1, B-WL5M-SUBG1, NUCLEO-C031C6, NUCLEO-H503RB, NUCLEO-H563ZI, NUCLEO-U545RE-Q, NUCLEO-U5A5ZJ-Q, NUCLEO-WBA52CG, STEVAL-PROTEUS1, STEVAL-STWINBX1, STM320518-EVAL, STM32C0116-DK, STM32C011D6Y3TR, STM32C011D6Y6TR, STM32C011F4P3, STM32C011F4P6, STM32C011F4U3, STM32C011F4U6TR, STM32C011F6P3, STM32C011F6P6, STM32C011F6U3, STM32C011F6U6TR, STM32C011J4M3, STM32C011J4M6, STM32C011J6M3, STM32C011J6M6, STM32C0316-DK, STM32C031C4T3, STM32C031C4T6, STM32C031C4U3, STM32C031C4U6, STM32C031C6T3, STM32C031C6T6, STM32C031C6U3, STM32C031C6U6, STM32C031F4P3, STM32C031F4P6, STM32C031F6P3, STM32C031F6P6, STM32C031G4U3, STM32C031G4U6, STM32C031G6U3, STM32C031G6U6, STM32C031K4T3, STM32C031K4T6, STM32C031K4U3, STM32C031K4U6, STM32C031K6T3, STM32C031K6T6, STM32C031K6U3, STM32C031K6U6, STM32G071K8TXN, STM32G071K8UXN, STM32G081GBU6N, STM32G081KBT6N, STM32G081KBUXN, STM32G0B1CCT6N, STM32G0B1KCT6, STM32G0B1NEY6TR, STM32G0B1RCT6N, STM32G0C1CCT6, STM32G0C1CCT6N, STM32G0C1CCU6N, STM32G0C1CET6N, STM32G0C1CEU6N, STM32G0C1KCT6, STM32G0C1NEY6TR, STM32G0C1RCI6N, STM32G0C1RCT6N, STM32G0C1REI6N, STM32G0C1RET6N, STM32G0C1VCI6, STM32G0C1VEI6, STM32G471CCT6, STM32G471CCU6, STM32G471CET3, STM32G471CET6, STM32G471CEU3, STM32G471CEU6, STM32G471MCT6, STM32G471MET3, STM32G471MET6, STM32G471MEY6TR, STM32G471QCT6, STM32G471QET3, STM32G471RCT6, STM32G471RET3, STM32G471RET6, STM32G471VCH6, STM32G471VCI6, STM32G471VCT6, STM32G471VEH3, STM32G471VEH6, STM32G471VEI3, STM32G471VEI6, STM32G471VET3, STM32G471VET6, STM32G474CCT6, STM32H503CBT6, STM32H503CBU6, STM32H503EBY6TR, STM32H503KBU6, STM32H503RBT6, STM32H562AGI6, STM32H562AII6, STM32H562IGK6, STM32H562IGT6, STM32H562IIK6, STM32H562IIT6, STM32H562RGT6, STM32H562RGV6, STM32H562RIT6, STM32H562RIV6, STM32H562VGT6, STM32H562VIT6, STM32H562ZGT6, STM32H562ZIT6, STM32H563AGI6, STM32H563AII3Q, STM32H563AII6, STM32H563IGK6, STM32H563IGT6, STM32H563IIK3Q, STM32H563IIK6, STM32H563IIT3Q, STM32H563IIT6, STM32H563MIY3QTR, STM32H563RGT6, STM32H563RGV6, STM32H563RIT6, STM32H563RIV6, STM32H563VGT6, STM32H563VIT3Q, STM32H563VIT6, STM32H563ZGT6, STM32H563ZIT3Q, STM32H563ZIT6, STM32H573AII3Q, STM32H573AII6, STM32H573I-DK, STM32H573IIK3Q, STM32H573IIK6, STM32H573IIT3Q, STM32H573IIT6, STM32H573MIY3QTR, STM32H573RIT6, STM32H573RIV6, STM32H573VIT3Q, STM32H573VIT6, STM32H573ZIT3Q, STM32H573ZIT6, STM32L4R5QGI6STR, STM32MP131AAE3, STM32MP131AAF3, STM32MP131AAG3, STM32MP131CAE3, STM32MP131CAF3, STM32MP131CAG3, STM32MP131DAE7, STM32MP131DAF7, STM32MP131DAG7, STM32MP131FAE7, STM32MP131FAF7, STM32MP131FAG7, STM32MP133AAE3, STM32MP133AAF3, STM32MP133AAG3, STM32MP133CAE3, STM32MP133CAF3, STM32MP133CAG3, STM32MP133DAE7, STM32MP133DAF7, STM32MP133DAG7, STM32MP133FAE7, STM32MP133FAF7, STM32MP133FAG7, STM32MP135AAE3, STM32MP135AAF3, STM32MP135AAG3, STM32MP135CAE3, STM32MP135CAF3, STM32MP135CAG3, STM32MP135DAE7, STM32MP135DAF7, STM32MP135DAG7, STM32MP135F-DK, STM32MP135FAE7, STM32MP135FAF7, STM32MP135FAF7T, STM32MP135FAF7U, STM32MP135FAG7, STM32U535CBT6, STM32U535CBT6Q, STM32U535CBU6, STM32U535CBU6Q, STM32U535CCT6, STM32U535CCT6Q, STM32U535CCU6, STM32U535CCU6Q, STM32U535CET6, STM32U535CET6Q, STM32U535CEU6, STM32U535CEU6Q, STM32U535JEY6QTR, STM32U535NCY6QTR, STM32U535NEY6QTR, STM32U535RBI6, STM32U535RBI6Q, STM32U535RBT6, STM32U535RBT6Q, STM32U535RCI6, STM32U535RCI6Q, STM32U535RCT6, STM32U535RCT6Q, STM32U535REI6, STM32U535REI6Q, STM32U535RET6, STM32U535RET6Q, STM32U535VCI6, STM32U535VCI6Q, STM32U535VCT6, STM32U535VCT6Q, STM32U535VEI6, STM32U535VEI6Q, STM32U535VET6, STM32U535VET6Q, STM32U545CET6, STM32U545CET6Q, STM32U545CEU6, STM32U545CEU6Q, STM32U545JEY6QTR, STM32U545NEY6QTR, STM32U545REI6, STM32U545REI6Q, STM32U545RET6, STM32U545RET6Q, STM32U545VEI6, STM32U545VEI6Q, STM32U545VET6, STM32U545VET6Q, STM32U595AIH6, STM32U595AIH6Q, STM32U595AJH6, STM32U595AJH6Q, STM32U595QII6, STM32U595QII6Q, STM32U595QJI6, STM32U595QJI6Q, STM32U595RIT6, STM32U595RIT6Q, STM32U595RJT6, STM32U595RJT6Q, STM32U595VIT6, STM32U595VIT6Q, STM32U595VJT6, STM32U595VJT6Q, STM32U595ZIT6, STM32U595ZIT6Q, STM32U595ZIY6QTR, STM32U595ZJT6, STM32U595ZJT6Q, STM32U595ZJY6QTR, STM32U599BJY6QTR, STM32U599NIH6Q, STM32U599NJH6Q, STM32U599VIT6Q, STM32U599VJT6, STM32U599VJT6Q, STM32U599ZIT6Q, STM32U599ZIY6QTR, STM32U599ZJT6Q, STM32U599ZJY6QTR, STM32U5A5AJH6, STM32U5A5AJH6Q, STM32U5A5QJI6, STM32U5A5QJI6Q, STM32U5A5RJT6, STM32U5A5RJT6Q, STM32U5A5VJT6, STM32U5A5VJT6Q, STM32U5A5ZJT6, STM32U5A5ZJT6Q, STM32U5A5ZJY6QTR, STM32U5A9BJY6QTR, STM32U5A9J-DK, STM32U5A9NJH6Q, STM32U5A9VJT6Q, STM32U5A9ZJT6Q, STM32U5A9ZJY6QTR, STM32WB1MMCH6, STM32WBA52CEU6, STM32WBA52CEU6T, STM32WBA52CGU6, STM32WBA52CGU6T, STM32WL5MOCH6, STM32WL5MOCH6TR]
2023-06-01 16:09:58,678 [INFO] DbMcus:216 - Found 3775 MCUs, 3775 are supported
2023-06-01 16:09:58,681 [INFO] ApiDb:423 - Load user favorites file /Users/nithish/.stm32cubeide/favorites.mcus.txt: 0 item(s)
2023-06-01 16:09:58,682 [INFO] ApiDb:427 - User favorites MCUs=[]
2023-06-01 16:09:58,682 [INFO] DbMcus:222 - Set 0 / 0 favorites MCUs
2023-06-01 16:09:59,302 [WARN] ThirdParty:833 - waiting for thirdparty lock release [change project]
2023-06-01 16:09:59,306 [INFO] ThirdParty:835 - entering critical section [change project]
2023-06-01 16:09:59,309 [INFO] ThirdParty:1030 - CMSIS Pack Vendor :STMicroelectronics X-CUBE-ISPU 1.1.0
2023-06-01 16:09:59,309 [INFO] ThirdParty:1030 - CMSIS Pack Vendor :STMicroelectronics X-CUBE-GNSS1 6.0.0
2023-06-01 16:09:59,309 [INFO] ThirdParty:1030 - CMSIS Pack Vendor :STMicroelectronics USB_HOST 2.0.0
2023-06-01 16:09:59,309 [INFO] ThirdParty:1030 - CMSIS Pack Vendor :STMicroelectronics X-CUBE-AZRTOS-F4 1.1.0
2023-06-01 16:09:59,309 [INFO] ThirdParty:1030 - CMSIS Pack Vendor :STMicroelectronics LIBJPEG 8.0.0
2023-06-01 16:09:59,309 [INFO] ThirdParty:1030 - CMSIS Pack Vendor :STMicroelectronics X-CUBE-SMBUS 2.1.0
2023-06-01 16:09:59,309 [INFO] ThirdParty:1030 - CMSIS Pack Vendor :wolfSSL I-CUBE-wolfSSL 5.6.0
2023-06-01 16:09:59,309 [INFO] ThirdParty:1030 - CMSIS Pack Vendor :STMicroelectronics USB_DEVICE 3.0.0
2023-06-01 16:09:59,309 [INFO] ThirdParty:1030 - CMSIS Pack Vendor :STMicroelectronics X-CUBE-FREERTOS 1.0.1
2023-06-01 16:09:59,309 [INFO] ThirdParty:1030 - CMSIS Pack Vendor :STMicroelectronics X-CUBE-AZRTOS-F7 1.1.0
2023-06-01 16:09:59,309 [INFO] ThirdParty:1030 - CMSIS Pack Vendor :STMicroelectronics X-CUBE-TOUCHGFX 4.21.4
2023-06-01 16:09:59,309 [INFO] ThirdParty:1030 - CMSIS Pack Vendor :STMicroelectronics USB_DEVICE 2.0.0
2023-06-01 16:09:59,309 [INFO] ThirdParty:1030 - CMSIS Pack Vendor :STMicroelectronics X-CUBE-MEMS1 9.6.0
2023-06-01 16:09:59,309 [INFO] ThirdParty:1030 - CMSIS Pack Vendor :STMicroelectronics FP-SNS-MOTENV1 4.3.0
2023-06-01 16:09:59,309 [INFO] ThirdParty:1030 - CMSIS Pack Vendor :STMicroelectronics FP-SNS-FLIGHT1 5.0.0
2023-06-01 16:09:59,309 [INFO] ThirdParty:1030 - CMSIS Pack Vendor :STMicroelectronics FP-SNS-MOTENV1 4.3.1
2023-06-01 16:09:59,309 [INFO] ThirdParty:1030 - CMSIS Pack Vendor :STMicroelectronics FP-SNS-FLIGHT1 5.0.1
2023-06-01 16:09:59,309 [INFO] ThirdParty:1030 - CMSIS Pack Vendor :STMicroelectronics X-CUBE-ALGOBUILD 1.3.0
2023-06-01 16:09:59,310 [INFO] ThirdParty:1030 - CMSIS Pack Vendor :STMicroelectronics X-CUBE-BLE1 6.2.4
2023-06-01 16:09:59,310 [INFO] ThirdParty:1030 - CMSIS Pack Vendor :STMicroelectronics X-CUBE-AZRTOS-L5 1.1.0
2023-06-01 16:09:59,310 [INFO] ThirdParty:1030 - CMSIS Pack Vendor :STMicroelectronics FreeRTOS 0.0.1
2023-06-01 16:09:59,310 [INFO] ThirdParty:1030 - CMSIS Pack Vendor :emotas I-CUBE-CANOPEN 1.1.3
2023-06-01 16:09:59,310 [INFO] ThirdParty:1030 - CMSIS Pack Vendor :STMicroelectronics X-CUBE-AZRTOS-G0 1.1.0
2023-06-01 16:09:59,310 [INFO] ThirdParty:1030 - CMSIS Pack Vendor :STMicroelectronics X-CUBE-BLEMGR 2.0.0
2023-06-01 16:09:59,310 [INFO] ThirdParty:1030 - CMSIS Pack Vendor :STMicroelectronics X-CUBE-AI 8.0.1
2023-06-01 16:09:59,310 [INFO] ThirdParty:1030 - CMSIS Pack Vendor :STMicroelectronics X-CUBE-SUBG2 5.0.0
2023-06-01 16:09:59,310 [INFO] ThirdParty:1030 - CMSIS Pack Vendor :STMicroelectronics X-CUBE-NFC4 3.0.0
2023-06-01 16:09:59,310 [INFO] ThirdParty:1030 - CMSIS Pack Vendor :STMicroelectronics STM32_WPAN 1.0.0
2023-06-01 16:09:59,310 [INFO] ThirdParty:1030 - CMSIS Pack Vendor :STMicroelectronics lwIP 2.0.3
2023-06-01 16:09:59,310 [INFO] ThirdParty:1030 - CMSIS Pack Vendor :STMicroelectronics USB_HOST 1.0.0
2023-06-01 16:09:59,310 [INFO] ThirdParty:1030 - CMSIS Pack Vendor :STMicroelectronics X-CUBE-AZRTOS-G4 2.0.0
2023-06-01 16:09:59,310 [INFO] ThirdParty:1030 - CMSIS Pack Vendor :STMicroelectronics PDM2PCM 3.1.0
2023-06-01 16:09:59,310 [INFO] ThirdParty:1030 - CMSIS Pack Vendor :STMicroelectronics X-CUBE-AZRTOS-H7 3.1.0
2023-06-01 16:09:59,310 [INFO] ThirdParty:1030 - CMSIS Pack Vendor :STMicroelectronics X-CUBE-TOF1 3.3.0
2023-06-01 16:09:59,310 [INFO] ThirdParty:1030 - CMSIS Pack Vendor :STMicroelectronics PDM2PCM 3.3.0
2023-06-01 16:09:59,310 [INFO] ThirdParty:1030 - CMSIS Pack Vendor :STMicroelectronics X-CUBE-DISPLAY 3.0.0
2023-06-01 16:09:59,310 [INFO] ThirdParty:1030 - CMSIS Pack Vendor :STMicroelectronics FP-ATR-SIGFOX1 3.2.0
2023-06-01 16:09:59,310 [INFO] ThirdParty:1030 - CMSIS Pack Vendor :STMicroelectronics X-CUBE-AZRTOS-L4 1.0.0
2023-06-01 16:09:59,310 [INFO] ThirdParty:1030 - CMSIS Pack Vendor :STMicroelectronics HAL Drivers 0.0.0
2023-06-01 16:09:59,310 [INFO] ThirdParty:1030 - CMSIS Pack Vendor :STMicroelectronics MBEDTLS 2.16.2
2023-06-01 16:09:59,310 [INFO] ThirdParty:1030 - CMSIS Pack Vendor :STMicroelectronics MBEDTLS 2.14.1
2023-06-01 16:09:59,310 [INFO] ThirdParty:1030 - CMSIS Pack Vendor :STMicroelectronics X-CUBE-NFC7 1.0.0
2023-06-01 16:09:59,311 [INFO] ThirdParty:1030 - CMSIS Pack Vendor :STMicroelectronics X-CUBE-AZRTOS-WL 1.0.0
2023-06-01 16:09:59,311 [INFO] ThirdParty:1030 - CMSIS Pack Vendor :STMicroelectronics X-CUBE-EEPRMA1 4.1.0
2023-06-01 16:09:59,311 [INFO] ThirdParty:1030 - CMSIS Pack Vendor :portGmbH I-Cube-SoM-uGOAL 1.1.0
2023-06-01 16:09:59,311 [INFO] ThirdParty:1030 - CMSIS Pack Vendor :STMicroelectronics X-CUBE-ALS 1.0.1
2023-06-01 16:09:59,311 [INFO] ThirdParty:1030 - CMSIS Pack Vendor :STMicroelectronics ThreadX 1.0.0
2023-06-01 16:09:59,311 [INFO] ThirdParty:1030 - CMSIS Pack Vendor :STMicroelectronics X-CUBE-AZRTOS-WB 1.1.0
2023-06-01 16:09:59,311 [INFO] ThirdParty:1030 - CMSIS Pack Vendor :SEGGER I-CUBE-embOS 1.3.1
2023-06-01 16:09:59,311 [INFO] ThirdParty:1030 - CMSIS Pack Vendor :STMicroelectronics USB_DEVICE 1.0.0
2023-06-01 16:09:59,311 [INFO] ThirdParty:1030 - CMSIS Pack Vendor :STMicroelectronics X-CUBE-AZRTOS-L4 2.0.0
2023-06-01 16:09:59,311 [INFO] ThirdParty:1030 - CMSIS Pack Vendor :STMicroelectronics ThreadX 0.0.2
2023-06-01 16:09:59,311 [INFO] ThirdParty:1030 - CMSIS Pack Vendor :WES I-CUBE-Cesium 1.3.0
2023-06-01 16:09:59,311 [INFO] ThirdParty:1030 - CMSIS Pack Vendor :STMicroelectronics FP-ATR-ASTRA1 2.0.0
2023-06-01 16:09:59,311 [INFO] ThirdParty:1030 - CMSIS Pack Vendor :STMicroelectronics lwIP 2.1.2
2023-06-01 16:09:59,311 [INFO] ThirdParty:1030 - CMSIS Pack Vendor :STMicroelectronics X-CUBE-SFXS2LP1 4.0.0
2023-06-01 16:09:59,311 [INFO] ThirdParty:1030 - CMSIS Pack Vendor :STMicroelectronics X-CUBE-BLE2 3.3.0
2023-06-01 16:09:59,311 [INFO] ThirdParty:1030 - CMSIS Pack Vendor :STMicroelectronics PDM2PCM 3.2.0
2023-06-01 16:09:59,320 [INFO] ThirdParty:841 - exiting critical section [change project]
2023-06-01 16:10:00,652 [INFO] PinOutPanel:1499 - setPackage(No Configuration,No Configuration)
2023-06-01 16:10:00,669 [INFO] PinOutPanel:1499 - setPackage(STM32G070RBTx,LQFP64)
2023-06-01 16:10:02,427 [INFO] UtilMem:75 - Before build in PCC Used Memory: 477709792 Bytes (557842432)
2023-06-01 16:10:05,741 [INFO] UtilMem:75 - After build in PCC Used Memory: 471375072 Bytes (557842432)
2023-06-01 16:10:05,929 [INFO] IPUIPlugin:80 - create IPUIPlugin
2023-06-01 16:10:05,934 [INFO] IPUIPlugin:80 - create IPUIPlugin
2023-06-01 16:10:05,937 [INFO] IPUIPlugin:80 - create IPUIPlugin
2023-06-01 16:10:05,941 [INFO] IPUIPlugin:80 - create IPUIPlugin
2023-06-01 16:10:05,942 [INFO] IPUIPlugin:80 - create IPUIPlugin
2023-06-01 16:10:05,943 [INFO] IPUIPlugin:80 - create IPUIPlugin
2023-06-01 16:10:05,949 [INFO] IPUIPlugin:80 - create IPUIPlugin
2023-06-01 16:10:05,955 [INFO] IPUIPlugin:80 - create IPUIPlugin
2023-06-01 16:10:05,956 [INFO] IPUIPlugin:80 - create IPUIPlugin
2023-06-01 16:10:05,957 [INFO] IPUIPlugin:80 - create IPUIPlugin
2023-06-01 16:10:05,958 [INFO] IPUIPlugin:80 - create IPUIPlugin
2023-06-01 16:10:05,965 [INFO] IPUIPlugin:80 - create IPUIPlugin
2023-06-01 16:10:05,967 [INFO] IPUIPlugin:80 - create IPUIPlugin
2023-06-01 16:10:05,967 [INFO] IPUIPlugin:80 - create IPUIPlugin
2023-06-01 16:10:05,968 [INFO] IPUIPlugin:80 - create IPUIPlugin
2023-06-01 16:10:05,968 [INFO] IPUIPlugin:80 - create IPUIPlugin
2023-06-01 16:10:05,969 [INFO] IPUIPlugin:80 - create IPUIPlugin
2023-06-01 16:10:05,969 [INFO] IPUIPlugin:80 - create IPUIPlugin
2023-06-01 16:10:05,969 [INFO] IPUIPlugin:80 - create IPUIPlugin
2023-06-01 16:10:05,969 [INFO] IPUIPlugin:80 - create IPUIPlugin
2023-06-01 16:10:05,969 [INFO] IPUIPlugin:80 - create IPUIPlugin
2023-06-01 16:10:05,970 [INFO] IPUIPlugin:80 - create IPUIPlugin
2023-06-01 16:10:05,970 [INFO] IPUIPlugin:80 - create IPUIPlugin
2023-06-01 16:10:05,970 [INFO] IPUIPlugin:80 - create IPUIPlugin
2023-06-01 16:10:05,970 [INFO] IPUIPlugin:80 - create IPUIPlugin
2023-06-01 16:10:05,971 [INFO] IPUIPlugin:80 - create IPUIPlugin
2023-06-01 16:10:05,971 [INFO] IPUIPlugin:80 - create IPUIPlugin
2023-06-01 16:10:05,971 [INFO] IPUIPlugin:80 - create IPUIPlugin
2023-06-01 16:10:05,972 [INFO] IPUIPlugin:80 - create IPUIPlugin
2023-06-01 16:10:05,973 [INFO] IPUIPlugin:80 - create IPUIPlugin
2023-06-01 16:10:07,275 [INFO] CADModel:165 - CPN selected for project levelSTM32G070RBT6
2023-06-01 16:10:07,278 [INFO] CADModel:114 - Register for checkConnection events
2023-06-01 16:10:07,335 [INFO] OpenFileManager:328 - Restore cursor
