2023-06-02 17:22:00,719 [INFO] Activator:176 - 


2023-06-02 17:22:00,726 [INFO] Activator:177 - !SESSION log4j initialized
2023-06-02 17:22:07,851 [ERROR] LogOutputStream:75 - [STDERR_REDIRECT] 
2023-06-02 17:22:08,636 [INFO] LogOutputStream:77 - [STDOUT_REDIRECT] 
2023-06-02 17:22:11,299 [INFO] LogOutputStream:77 - [STDOUT_REDIRECT] 
2023-06-02 17:22:20,450 [INFO] McuFinderGlobals:53 - Set McuFinder mode to 2 (CubeIDE integrated)
2023-06-02 17:22:20,757 [INFO] ApplicationProperties:184 - Using Application install path: /Applications/STM32CubeIDE.app/Contents/Eclipse/plugins/com.st.stm32cube.common.mx_6.8.1.202304191431
2023-06-02 17:22:20,788 [INFO] DbMcusXml:78 - Set database path to: /Applications/STM32CubeIDE.app/Contents/Eclipse/plugins/com.st.stm32cube.common.mx_6.8.1.202304191431//db//mcu/
2023-06-02 17:22:20,789 [INFO] ApiDb:274 - Set plugin database path to: /Applications/STM32CubeIDE.app/Contents/Eclipse/plugins/com.st.stm32cube.common.mx_6.8.1.202304191431//db//plugins/boardmanager/
2023-06-02 17:22:20,795 [WARN] ApiDb:259 - Overriding images path with different value:  => /Applications/STM32CubeIDE.app/Contents/Eclipse/plugins/com.st.stm32cube.common.mx_6.8.1.202304191431//db//plugins/mcufinder/images/
2023-06-02 17:22:20,828 [INFO] ApiDb:250 - Set database path to: /Users/nithish/.stmcufinder/plugins/mcufinder//mcu/
2023-06-02 17:22:20,830 [INFO] DbMcusAds:125 - Set database path to: /Users/nithish/.stmcufinder/plugins/mcufinder//mcu/
2023-06-02 17:22:20,833 [INFO] CrossReferenceDbSqlite:203 - Set database path to: /Users/nithish/.stmcufinder/plugins/mcufinder//mcu/cs/
2023-06-02 17:22:21,025 [INFO] RulesReader:64 - Compatibility file has been processed (293 Rules)
2023-06-02 17:22:21,118 [INFO] DbMcusXml:78 - Set database path to: /Applications/STM32CubeIDE.app/Contents/Eclipse/plugins/com.st.stm32cube.common.mx_6.8.1.202304191431//db//mcu/
2023-06-02 17:22:21,118 [INFO] ApiDb:274 - Set plugin database path to: /Applications/STM32CubeIDE.app/Contents/Eclipse/plugins/com.st.stm32cube.common.mx_6.8.1.202304191431//db//plugins/boardmanager/
2023-06-02 17:22:21,119 [INFO] ApiDb:261 - Set plugin images path to: /Applications/STM32CubeIDE.app/Contents/Eclipse/plugins/com.st.stm32cube.common.mx_6.8.1.202304191431//db//plugins/mcufinder/images/
2023-06-02 17:22:21,119 [WARN] DbFile:41 - Overriding database path with different value: /Users/nithish/.stmcufinder/plugins/mcufinder/ => /Users/nithish/.stmcufinder/plugins/mcufinder
2023-06-02 17:22:21,119 [INFO] ApiDb:250 - Set database path to: /Users/nithish/.stmcufinder/plugins/mcufinder//mcu/
2023-06-02 17:22:21,120 [WARN] DbFile:41 - Overriding database path with different value: /Users/nithish/.stmcufinder/plugins/mcufinder/ => /Users/nithish/.stmcufinder/plugins/mcufinder
2023-06-02 17:22:21,120 [INFO] DbMcusAds:125 - Set database path to: /Users/nithish/.stmcufinder/plugins/mcufinder//mcu/
2023-06-02 17:22:21,120 [WARN] DbFile:41 - Overriding database path with different value: /Users/nithish/.stmcufinder/plugins/mcufinder/ => /Users/nithish/.stmcufinder/plugins/mcufinder
2023-06-02 17:22:21,120 [WARN] DbFile:41 - Overriding database path with different value: /Users/nithish/.stmcufinder/plugins/mcufinder/ => /Users/nithish/.stmcufinder/plugins/mcufinder
2023-06-02 17:22:21,120 [INFO] CrossReferenceDbSqlite:203 - Set database path to: /Users/nithish/.stmcufinder/plugins/mcufinder//mcu/cs/
2023-06-02 17:22:21,229 [INFO] MainPanel:253 - HeapMemory: 268435456
2023-06-02 17:22:21,356 [INFO] DbMcusXml:78 - Set database path to: /Applications/STM32CubeIDE.app/Contents/Eclipse/plugins/com.st.stm32cube.common.mx_6.8.1.202304191431//db//mcu/
2023-06-02 17:22:21,356 [INFO] ApiDb:274 - Set plugin database path to: /Applications/STM32CubeIDE.app/Contents/Eclipse/plugins/com.st.stm32cube.common.mx_6.8.1.202304191431//db//plugins/boardmanager/
2023-06-02 17:22:21,357 [INFO] ApiDb:261 - Set plugin images path to: /Applications/STM32CubeIDE.app/Contents/Eclipse/plugins/com.st.stm32cube.common.mx_6.8.1.202304191431//db//plugins/mcufinder/images/
2023-06-02 17:22:21,358 [WARN] DbFile:41 - Overriding database path with different value: /Users/nithish/.stmcufinder/plugins/mcufinder/ => /Users/nithish/.stmcufinder/plugins/mcufinder
2023-06-02 17:22:21,358 [INFO] ApiDb:250 - Set database path to: /Users/nithish/.stmcufinder/plugins/mcufinder//mcu/
2023-06-02 17:22:21,358 [WARN] DbFile:41 - Overriding database path with different value: /Users/nithish/.stmcufinder/plugins/mcufinder/ => /Users/nithish/.stmcufinder/plugins/mcufinder
2023-06-02 17:22:21,358 [INFO] DbMcusAds:125 - Set database path to: /Users/nithish/.stmcufinder/plugins/mcufinder//mcu/
2023-06-02 17:22:21,358 [WARN] DbFile:41 - Overriding database path with different value: /Users/nithish/.stmcufinder/plugins/mcufinder/ => /Users/nithish/.stmcufinder/plugins/mcufinder
2023-06-02 17:22:21,358 [WARN] DbFile:41 - Overriding database path with different value: /Users/nithish/.stmcufinder/plugins/mcufinder/ => /Users/nithish/.stmcufinder/plugins/mcufinder
2023-06-02 17:22:21,358 [INFO] CrossReferenceDbSqlite:203 - Set database path to: /Users/nithish/.stmcufinder/plugins/mcufinder//mcu/cs/
2023-06-02 17:22:21,392 [INFO] ApplicationProperties:184 - Using Application install path: /Applications/STM32CubeIDE.app/Contents/Eclipse/plugins/com.st.stm32cube.common.mx_6.8.1.202304191431
2023-06-02 17:22:21,393 [INFO] PluginManage:196 - Search for loadable plugins [exclusion list=, ]
2023-06-02 17:22:21,397 [INFO] PluginManage:310 - Check plugin analytics
2023-06-02 17:22:21,697 [INFO] AnalyticsPlugin:253 - Accepted Software Licenses: 
2023-06-02 17:22:21,698 [INFO] AnalyticsPlugin:255 - Accepted CMSIS Pack Licenses: 
2023-06-02 17:22:21,698 [INFO] AnalyticsPlugin:257 - Accepted Firmware Licenses: FW.G0.1.6.0
2023-06-02 17:22:21,725 [INFO] PluginManage:359 - Loaded plugin analytics (category:tool,tabindex:-1)
2023-06-02 17:22:21,727 [INFO] PluginManage:310 - Check plugin cadmodel
2023-06-02 17:22:22,119 [INFO] CADModel:105 - Init CAD model plugin
2023-06-02 17:22:22,120 [INFO] PluginManage:359 - Loaded plugin cadmodel (category:power,tabindex:5)
2023-06-02 17:22:22,121 [INFO] PluginManage:310 - Check plugin clock
2023-06-02 17:22:22,142 [INFO] PluginManage:359 - Loaded plugin clock (category:base,tabindex:2)
2023-06-02 17:22:22,143 [INFO] PluginManage:310 - Check plugin ddr
2023-06-02 17:22:22,145 [INFO] PluginManage:359 - Loaded plugin ddr (category:tool,tabindex:6)
2023-06-02 17:22:22,146 [INFO] PluginManage:310 - Check plugin filemanager
2023-06-02 17:22:22,350 [INFO] PluginManage:359 - Loaded plugin filemanager (category:base,tabindex:10)
2023-06-02 17:22:22,351 [INFO] PluginManage:310 - Check plugin ipmanager
2023-06-02 17:22:22,366 [INFO] PluginManage:359 - Loaded plugin ipmanager (category:base,tabindex:5)
2023-06-02 17:22:22,366 [INFO] PluginManage:310 - Check plugin lpbam
2023-06-02 17:22:22,377 [INFO] PluginManage:359 - Loaded plugin lpbam (category:base,tabindex:0)
2023-06-02 17:22:22,378 [INFO] PluginManage:310 - Check plugin pinoutandconfiguration
2023-06-02 17:22:22,386 [INFO] PluginManage:359 - Loaded plugin pinoutandconfiguration (category:base,tabindex:1)
2023-06-02 17:22:22,387 [INFO] PluginManage:310 - Check plugin pinoutconfig
2023-06-02 17:22:22,503 [WARN] SupportedApi:132 - Cannot load RTOS API schema: s4s-elt-must-match.1: The content of 'definitions' must match (annotation?, (simpleType | complexType)?, (unique | key | keyref)*)). A problem was found starting at: attribute.
2023-06-02 17:22:22,717 [INFO] PluginManage:359 - Loaded plugin pinoutconfig (category:base,tabindex:0)
2023-06-02 17:22:22,718 [INFO] PluginManage:310 - Check plugin power
2023-06-02 17:22:22,744 [INFO] PluginManage:359 - Loaded plugin power (category:power,tabindex:4)
2023-06-02 17:22:22,744 [INFO] PluginManage:310 - Check plugin projectmanager
2023-06-02 17:22:22,778 [INFO] PluginManage:359 - Loaded plugin projectmanager (category:projectmanager,tabindex:3)
2023-06-02 17:22:22,779 [INFO] PluginManage:310 - Check plugin thirdparty
2023-06-02 17:22:22,990 [INFO] PluginManage:359 - Loaded plugin thirdparty (category:base,tabindex:-1)
2023-06-02 17:22:22,989 [WARN] IntegrityCheckThread:84 - waiting for thirdparty lock release [integrity check]
2023-06-02 17:22:22,991 [INFO] PluginManage:310 - Check plugin tools
2023-06-02 17:22:22,991 [INFO] IntegrityCheckThread:86 - entering critical section [integrity check]
2023-06-02 17:22:22,993 [INFO] ThirdPartyUpdaterWithRetryManager:70 - Updater plugin not ready yet. [1/15]
2023-06-02 17:22:22,995 [INFO] PluginManage:359 - Loaded plugin tools (category:base,tabindex:7)
2023-06-02 17:22:22,995 [INFO] PluginManage:310 - Check plugin tutovideos
2023-06-02 17:22:23,331 [INFO] PluginManage:359 - Loaded plugin tutovideos (category:base,tabindex:-1)
2023-06-02 17:22:23,332 [INFO] PluginManage:310 - Check plugin updater
2023-06-02 17:22:23,360 [INFO] PluginManage:359 - Loaded plugin updater (category:base,tabindex:12)
2023-06-02 17:22:23,365 [INFO] PluginManage:283 - PluginManage : Loaded plugins [15]
2023-06-02 17:22:24,040 [INFO] PinOutPanel:1499 - setPackage(No Configuration,No Configuration)
2023-06-02 17:22:24,136 [INFO] CADModel:165 - CPN selected for project level
2023-06-02 17:22:24,136 [INFO] CADModel:114 - Register for checkConnection events
2023-06-02 17:22:24,163 [INFO] IPUIPlugin:80 - create IPUIPlugin
2023-06-02 17:22:24,164 [INFO] PluginManager:220 - loadIPPluginJar : add mdma
2023-06-02 17:22:24,176 [INFO] IPUIPlugin:80 - create IPUIPlugin
2023-06-02 17:22:24,176 [INFO] PluginManager:220 - loadIPPluginJar : add freertos
2023-06-02 17:22:24,181 [INFO] IPUIPlugin:80 - create IPUIPlugin
2023-06-02 17:22:24,181 [INFO] PluginManager:220 - loadIPPluginJar : add gic
2023-06-02 17:22:24,191 [INFO] IPUIPlugin:80 - create IPUIPlugin
2023-06-02 17:22:24,191 [INFO] PluginManager:220 - loadIPPluginJar : add adc
2023-06-02 17:22:24,193 [INFO] IPUIPlugin:80 - create IPUIPlugin
2023-06-02 17:22:24,194 [INFO] PluginManager:220 - loadIPPluginJar : add gtzc
2023-06-02 17:22:24,195 [INFO] IPUIPlugin:80 - create IPUIPlugin
2023-06-02 17:22:24,195 [INFO] PluginManager:220 - loadIPPluginJar : add quadspi
2023-06-02 17:22:24,198 [INFO] IPUIPlugin:80 - create IPUIPlugin
2023-06-02 17:22:24,198 [INFO] PluginManager:220 - loadIPPluginJar : add aes
2023-06-02 17:22:24,201 [INFO] IPUIPlugin:80 - create IPUIPlugin
2023-06-02 17:22:24,201 [INFO] PluginManager:220 - loadIPPluginJar : add pdm2pcm
2023-06-02 17:22:24,202 [INFO] IPUIPlugin:80 - create IPUIPlugin
2023-06-02 17:22:24,203 [INFO] PluginManager:220 - loadIPPluginJar : add hash
2023-06-02 17:22:24,204 [INFO] IPUIPlugin:80 - create IPUIPlugin
2023-06-02 17:22:24,204 [INFO] PluginManager:220 - loadIPPluginJar : add tim
2023-06-02 17:22:24,205 [INFO] IPUIPlugin:80 - create IPUIPlugin
2023-06-02 17:22:24,205 [INFO] PluginManager:220 - loadIPPluginJar : add tsc
2023-06-02 17:22:24,207 [INFO] IPUIPlugin:80 - create IPUIPlugin
2023-06-02 17:22:24,208 [INFO] PluginManager:220 - loadIPPluginJar : add ts
2023-06-02 17:22:24,211 [INFO] IPUIPlugin:80 - create IPUIPlugin
2023-06-02 17:22:24,211 [INFO] PluginManager:220 - loadIPPluginJar : add can
2023-06-02 17:22:24,213 [INFO] IPUIPlugin:80 - create IPUIPlugin
2023-06-02 17:22:24,213 [INFO] PluginManager:220 - loadIPPluginJar : add dma3
2023-06-02 17:22:24,215 [INFO] IPUIPlugin:80 - create IPUIPlugin
2023-06-02 17:22:24,215 [INFO] PluginManager:220 - loadIPPluginJar : add dfsdm
2023-06-02 17:22:24,218 [INFO] IPUIPlugin:80 - create IPUIPlugin
2023-06-02 17:22:24,218 [INFO] PluginManager:220 - loadIPPluginJar : add spi
2023-06-02 17:22:24,220 [INFO] IPUIPlugin:80 - create IPUIPlugin
2023-06-02 17:22:24,220 [INFO] PluginManager:220 - loadIPPluginJar : add gfxmmu
2023-06-02 17:22:24,221 [INFO] IPUIPlugin:80 - create IPUIPlugin
2023-06-02 17:22:24,221 [INFO] PluginManager:220 - loadIPPluginJar : add genericplugin
2023-06-02 17:22:24,223 [INFO] IPUIPlugin:80 - create IPUIPlugin
2023-06-02 17:22:24,223 [INFO] PluginManager:220 - loadIPPluginJar : add cryp
2023-06-02 17:22:24,227 [INFO] IPUIPlugin:80 - create IPUIPlugin
2023-06-02 17:22:24,227 [INFO] PluginManager:220 - loadIPPluginJar : add gpio
2023-06-02 17:22:24,228 [INFO] IPUIPlugin:80 - create IPUIPlugin
2023-06-02 17:22:24,228 [INFO] PluginManager:220 - loadIPPluginJar : add comp
2023-06-02 17:22:24,229 [INFO] IPUIPlugin:80 - create IPUIPlugin
2023-06-02 17:22:24,230 [INFO] PluginManager:220 - loadIPPluginJar : add tracer_emb
2023-06-02 17:22:24,233 [INFO] IPUIPlugin:80 - create IPUIPlugin
2023-06-02 17:22:24,233 [INFO] PluginManager:220 - loadIPPluginJar : add openamp
2023-06-02 17:22:24,238 [INFO] IPUIPlugin:80 - create IPUIPlugin
2023-06-02 17:22:24,238 [INFO] PluginManager:220 - loadIPPluginJar : add stm32_wpan
2023-06-02 17:22:24,246 [INFO] IPUIPlugin:80 - create IPUIPlugin
2023-06-02 17:22:24,263 [INFO] PluginManager:220 - loadIPPluginJar : add plateformsettings
2023-06-02 17:22:24,267 [INFO] IPUIPlugin:80 - create IPUIPlugin
2023-06-02 17:22:24,267 [INFO] PluginManager:220 - loadIPPluginJar : add ipddr
2023-06-02 17:22:24,277 [INFO] IPUIPlugin:80 - create IPUIPlugin
2023-06-02 17:22:24,277 [INFO] PluginManager:220 - loadIPPluginJar : add usart
2023-06-02 17:22:24,280 [INFO] IPUIPlugin:80 - create IPUIPlugin
2023-06-02 17:22:24,281 [INFO] PluginManager:220 - loadIPPluginJar : add ltdc
2023-06-02 17:22:24,284 [INFO] IPUIPlugin:80 - create IPUIPlugin
2023-06-02 17:22:24,285 [INFO] PluginManager:220 - loadIPPluginJar : add nvic
2023-06-02 17:22:24,287 [INFO] IPUIPlugin:80 - create IPUIPlugin
2023-06-02 17:22:24,287 [INFO] PluginManager:220 - loadIPPluginJar : add fatfs
2023-06-02 17:22:24,294 [INFO] IPUIPlugin:80 - create IPUIPlugin
2023-06-02 17:22:24,294 [INFO] PluginManager:220 - loadIPPluginJar : add linkedlist
2023-06-02 17:22:24,300 [INFO] IPUIPlugin:80 - create IPUIPlugin
2023-06-02 17:22:24,300 [INFO] PluginManager:220 - loadIPPluginJar : add dma
2023-06-02 17:22:24,305 [INFO] IPUIPlugin:80 - create IPUIPlugin
2023-06-02 17:22:24,305 [INFO] PluginManager:220 - loadIPPluginJar : add fmc
2023-06-02 17:22:24,308 [INFO] IPUIPlugin:80 - create IPUIPlugin
2023-06-02 17:22:24,308 [INFO] PluginManager:220 - loadIPPluginJar : add i2s
2023-06-02 17:22:24,310 [INFO] IPUIPlugin:80 - create IPUIPlugin
2023-06-02 17:22:24,310 [INFO] PluginManager:220 - loadIPPluginJar : add ucpd
2023-06-02 17:22:24,312 [INFO] IPUIPlugin:80 - create IPUIPlugin
2023-06-02 17:22:24,312 [INFO] PluginManager:220 - loadIPPluginJar : add lorawan
2023-06-02 17:22:24,314 [INFO] IPUIPlugin:80 - create IPUIPlugin
2023-06-02 17:22:24,315 [INFO] PluginManager:220 - loadIPPluginJar : add opamp
2023-06-02 17:22:24,317 [INFO] IPUIPlugin:80 - create IPUIPlugin
2023-06-02 17:22:24,317 [INFO] PluginManager:220 - loadIPPluginJar : add i3c
2023-06-02 17:22:24,320 [INFO] IPUIPlugin:80 - create IPUIPlugin
2023-06-02 17:22:24,320 [INFO] PluginManager:220 - loadIPPluginJar : add touchsensing
2023-06-02 17:22:24,322 [INFO] IPUIPlugin:80 - create IPUIPlugin
2023-06-02 17:22:24,322 [INFO] PluginManager:220 - loadIPPluginJar : add i2c
2023-06-02 17:22:24,325 [INFO] IPUIPlugin:80 - create IPUIPlugin
2023-06-02 17:22:24,325 [INFO] PluginManager:220 - loadIPPluginJar : add resmgrutility
2023-06-02 17:22:24,327 [INFO] IPUIPlugin:80 - create IPUIPlugin
2023-06-02 17:22:24,327 [INFO] PluginManager:220 - loadIPPluginJar : add sai
2023-06-02 17:22:24,329 [INFO] IPUIPlugin:80 - create IPUIPlugin
2023-06-02 17:22:24,329 [INFO] PluginManager:220 - loadIPPluginJar : add usbx
2023-06-02 17:22:24,474 [INFO] CADModel:165 - CPN selected for project level
2023-06-02 17:22:24,475 [INFO] CADModel:114 - Register for checkConnection events
2023-06-02 17:22:24,481 [FATAL] Updater:308 - Updater called before beeing initialized
2023-06-02 17:22:24,481 [ERROR] CADModel:125 - Updater not yet initialized, retry later 
2023-06-02 17:22:24,739 [INFO] CADModel:165 - CPN selected for project level
2023-06-02 17:22:24,740 [INFO] CADModel:114 - Register for checkConnection events
2023-06-02 17:22:24,740 [FATAL] Updater:308 - Updater called before beeing initialized
2023-06-02 17:22:24,740 [ERROR] CADModel:125 - Updater not yet initialized, retry later 
2023-06-02 17:22:24,744 [FATAL] Updater:308 - Updater called before beeing initialized
2023-06-02 17:22:24,954 [FATAL] Updater:308 - Updater called before beeing initialized
2023-06-02 17:22:24,969 [INFO] DbMcusAds:53 - JSON generation date=Tue Mar 07 14:20:54 IST 2023 (1678179054945)
2023-06-02 17:22:24,969 [FATAL] Updater:308 - Updater called before beeing initialized
2023-06-02 17:22:25,056 [WARN] DetailPanel:346 - Failed to get advertising image, set to default
2023-06-02 17:22:25,201 [FATAL] Updater:308 - Updater called before beeing initialized
2023-06-02 17:22:25,204 [FATAL] Updater:308 - Updater called before beeing initialized
2023-06-02 17:22:25,204 [FATAL] Updater:308 - Updater called before beeing initialized
2023-06-02 17:22:25,204 [WARN] DetailPanel:346 - Failed to get advertising image, set to default
2023-06-02 17:22:25,205 [FATAL] Updater:308 - Updater called before beeing initialized
2023-06-02 17:22:25,297 [ERROR] Updater:1120 - MainUpdater not yet initialized. External WinMGr cannot be set.
2023-06-02 17:22:25,386 [INFO] Updater:1056 - Updater Version found : 6.8.1
2023-06-02 17:22:25,408 [INFO] ApplicationProperties:184 - Using Application install path: /Applications/STM32CubeIDE.app/Contents/Eclipse/plugins/com.st.stm32cube.common.mx_6.8.1.202304191431
2023-06-02 17:22:25,778 [INFO] MainUpdater:2854 - connection check result : 10
2023-06-02 17:22:25,779 [INFO] MainUpdater:283 - Updater Check For Update Now.
2023-06-02 17:22:25,779 [INFO] MicroXplorer:498 - Change Database Version : DB.6.0.81
2023-06-02 17:22:26,000 [WARN] MainUpdater:1187 - Updater busy. Cannot search thirdparties
2023-06-02 17:22:26,000 [INFO] ThirdPartyUpdaterWithRetryManager:96 - Updater plugin is busy. [1/15]
2023-06-02 17:22:26,043 [INFO] CheckServerUpdateThread:120 - End of CheckServer Thread
2023-06-02 17:22:26,198 [INFO] MainUpdater:2854 - connection check result : 10
2023-06-02 17:22:26,203 [INFO] McuFinderGlobals:66 - Set McuFinderConnectedMode to true
2023-06-02 17:22:27,063 [INFO] ServerAccessManage:473 - Download File mcusAds.json._tmp_
2023-06-02 17:22:27,186 [INFO] LoadUrlFilesThread:156 - End of LoadUrlFiles Thread
2023-06-02 17:22:27,359 [INFO] ServerAccessManage:473 - Download File cube-finder-db.zip
2023-06-02 17:22:29,003 [WARN] MainUpdater:1187 - Updater busy. Cannot search thirdparties
2023-06-02 17:22:29,003 [INFO] ThirdPartyUpdaterWithRetryManager:96 - Updater plugin is busy. [2/15]
2023-06-02 17:22:29,308 [INFO] FileExtend:240 - Unzip File : cube-finder-db.zip
2023-06-02 17:22:29,315 [INFO] FileExtend:255 - Standard Zip Deflate
2023-06-02 17:22:30,163 [INFO] LoadUrlFilesThread:156 - End of LoadUrlFiles Thread
2023-06-02 17:22:31,495 [INFO] ServerAccessManage:473 - Download File crdb.zip
2023-06-02 17:22:32,010 [WARN] MainUpdater:1187 - Updater busy. Cannot search thirdparties
2023-06-02 17:22:32,011 [INFO] ThirdPartyUpdaterWithRetryManager:96 - Updater plugin is busy. [3/15]
2023-06-02 17:22:32,467 [INFO] FileExtend:240 - Unzip File : crdb.zip
2023-06-02 17:22:32,467 [INFO] FileExtend:255 - Standard Zip Deflate
2023-06-02 17:22:32,601 [INFO] LoadUrlFilesThread:156 - End of LoadUrlFiles Thread
2023-06-02 17:22:32,831 [INFO] ServerAccessManage:473 - Download File tutoVideoDB.zip
2023-06-02 17:22:32,847 [INFO] FileExtend:240 - Unzip File : tutoVideoDB.zip
2023-06-02 17:22:32,847 [INFO] FileExtend:255 - Standard Zip Deflate
2023-06-02 17:22:32,959 [INFO] LoadUrlFilesThread:156 - End of LoadUrlFiles Thread
2023-06-02 17:22:32,987 [WARN] DbFile:41 - Overriding database path with different value: /Users/nithish/.stmcufinder/plugins/mcufinder/ => /Users/nithish/.stmcufinder/plugins/mcufinder
2023-06-02 17:22:33,180 [INFO] ServerAccessManage:473 - Download File api_config.json
2023-06-02 17:22:33,291 [INFO] LoadUrlFilesThread:156 - End of LoadUrlFiles Thread
2023-06-02 17:22:33,294 [INFO] DbMcusAds:53 - JSON generation date=Tue Mar 07 14:20:55 IST 2023 (1678179055335)
2023-06-02 17:22:33,352 [INFO] LoadUrlFilesThread:185 - End of LoadServerUrlFiles without Thread
2023-06-02 17:22:33,353 [INFO] TargetSelectorAdapter:259 - Refresh data is successful
2023-06-02 17:22:33,897 [INFO] ApiDb:581 - Connected to CubeFinder SQLite database (/Users/nithish/.stmcufinder/plugins/mcufinder/mcu/cube-finder-db.db)
2023-06-02 17:22:34,002 [INFO] ApiDb:668 - CubeFinder database Data Model version=2.1
2023-06-02 17:22:34,003 [INFO] ApiDb:669 - CubeFinder database Configuration version=3.0.35
2023-06-02 17:22:34,004 [INFO] ApiDb:670 - CubeFinder database generation date=2023-05-12 (1683877179)
2023-06-02 17:22:34,005 [INFO] ApiDb:671 - CubeFinder database FW Pack versions=[FP-ATR-ASTRA1_V2.0.0, FP-SNS-FLIGHT1_V5.0.0, FP-SNS-MOTENV1_V4.3.0, STM32Cube_FW_C0_V1.0.1, STM32Cube_FW_F0_V1.11.4, STM32Cube_FW_F3_V1.11.4, STM32Cube_FW_F4_V1.27.1, STM32Cube_FW_F7_V1.17.0, STM32Cube_FW_G0_V1.6.1, STM32Cube_FW_G4_V1.5.1, STM32Cube_FW_H5_V0.5.1, STM32Cube_FW_H5_V1.0.0, STM32Cube_FW_H7_V1.11.0, STM32Cube_FW_L0_V1.12.2, STM32Cube_FW_L5_V1.5.0, STM32Cube_FW_U5_V1.2.0, STM32Cube_FW_WBA_V1.0.0, STM32Cube_FW_WBA_V1.0.0RC1, STM32Cube_FW_WBA_V1.0.0RC3, STM32Cube_FW_WB_V1.15.0RC1, STM32Cube_FW_WB_V1.16.0, STM32Cube_FW_WB_V1.16.0RC2, STM32Cube_FW_WL_V1.3.0, X-CUBE-ALGOBUILD_V1.3.0, X-CUBE-ALS_V1.0.1, X-CUBE-AZRTOS-F4_V1.1.0, X-CUBE-AZRTOS-F7_V1.1.0, X-CUBE-AZRTOS-G0_V1.1.0, X-CUBE-AZRTOS-G4_V2.0.0, X-CUBE-AZRTOS-H7_V3.1.0, X-CUBE-AZRTOS-L4_V1.0.0, X-CUBE-AZRTOS-L5_V1.1.0, X-CUBE-AZRTOS-WB_V1.1.0, X-CUBE-AZRTOS-WL_V1.0.0, X-CUBE-BLE1_V6.2.4, X-CUBE-BLE2_V3.3.0, X-CUBE-BLEMGR_V2.0.0, X-CUBE-EEPRMA1_V4.1.0, X-CUBE-FREERTOS_V1.0.1, X-CUBE-GNSS1_V6.0.0, X-CUBE-MEMS1_V9.1.0, X-CUBE-MEMS1_V9.4.0, X-CUBE-MEMS1_V9.6.0, X-CUBE-NFC4_V3.0.0, X-CUBE-NFC7_V1.0.0, X-CUBE-SFXS2LP1_V4.0.0, X-CUBE-SUBG2_V5.0.0]
2023-06-02 17:22:35,080 [ERROR] LogOutputStream:75 - [STDERR_REDIRECT] SLF4J: Failed to load class "org.slf4j.impl.StaticLoggerBinder".
2023-06-02 17:22:35,082 [ERROR] LogOutputStream:75 - [STDERR_REDIRECT] SLF4J: Defaulting to no-operation (NOP) logger implementation
2023-06-02 17:22:35,082 [ERROR] LogOutputStream:75 - [STDERR_REDIRECT] SLF4J: See http://www.slf4j.org/codes.html#StaticLoggerBinder for further details.
2023-06-02 17:22:35,316 [WARN] PackLoader:240 - Cannot read IP mode file for STMicroelectronics.X-CUBE-GNSS1.6.0.0
2023-06-02 17:22:35,528 [WARN] PackLoader:240 - Cannot read IP mode file for STMicroelectronics.X-CUBE-AZRTOS-F4.1.1.0
2023-06-02 17:22:35,594 [WARN] PackLoader:240 - Cannot read IP mode file for STMicroelectronics.X-CUBE-SMBUS.2.1.0
2023-06-02 17:22:35,615 [WARN] PackLoader:240 - Cannot read IP mode file for wolfSSL.I-CUBE-wolfSSL.5.6.0
2023-06-02 17:22:35,732 [WARN] PackLoader:240 - Cannot read IP mode file for STMicroelectronics.X-CUBE-AZRTOS-F7.1.1.0
2023-06-02 17:22:36,024 [WARN] PackLoader:240 - Cannot read IP mode file for STMicroelectronics.X-CUBE-MEMS1.9.6.0
2023-06-02 17:22:36,464 [ERROR] RealEvaluatedCondition:428 - Found unsupported composite condition: CLASS='Data Exchange' GROUP='STM32_MetaDataManager'
2023-06-02 17:22:36,469 [ERROR] RealEvaluatedCondition:428 - Found unsupported composite condition: CLASS='Data Exchange' GROUP='STM32_MetaDataManager'
2023-06-02 17:22:36,524 [WARN] PackLoader:240 - Cannot read IP mode file for STMicroelectronics.FP-SNS-MOTENV1.4.3.0
2023-06-02 17:22:36,558 [INFO] ApiDb:240 - Found 297 in-development CPN: [B-G473E-ZEST1S, B-WB1M-WPAN1, B-WL5M-SUBG1, NUCLEO-C031C6, NUCLEO-H503RB, NUCLEO-H563ZI, NUCLEO-U545RE-Q, NUCLEO-U5A5ZJ-Q, NUCLEO-WBA52CG, STEVAL-PROTEUS1, STEVAL-STWINBX1, STM320518-EVAL, STM32C0116-DK, STM32C011D6Y3TR, STM32C011D6Y6TR, STM32C011F4P3, STM32C011F4P6, STM32C011F4U3, STM32C011F4U6TR, STM32C011F6P3, STM32C011F6P6, STM32C011F6U3, STM32C011F6U6TR, STM32C011J4M3, STM32C011J4M6, STM32C011J6M3, STM32C011J6M6, STM32C0316-DK, STM32C031C4T3, STM32C031C4T6, STM32C031C4U3, STM32C031C4U6, STM32C031C6T3, STM32C031C6T6, STM32C031C6U3, STM32C031C6U6, STM32C031F4P3, STM32C031F4P6, STM32C031F6P3, STM32C031F6P6, STM32C031G4U3, STM32C031G4U6, STM32C031G6U3, STM32C031G6U6, STM32C031K4T3, STM32C031K4T6, STM32C031K4U3, STM32C031K4U6, STM32C031K6T3, STM32C031K6T6, STM32C031K6U3, STM32C031K6U6, STM32G071K8TXN, STM32G071K8UXN, STM32G081GBU6N, STM32G081KBT6N, STM32G081KBUXN, STM32G0B1CCT6N, STM32G0B1KCT6, STM32G0B1NEY6TR, STM32G0B1RCT6N, STM32G0C1CCT6, STM32G0C1CCT6N, STM32G0C1CCU6N, STM32G0C1CET6N, STM32G0C1CEU6N, STM32G0C1KCT6, STM32G0C1NEY6TR, STM32G0C1RCI6N, STM32G0C1RCT6N, STM32G0C1REI6N, STM32G0C1RET6N, STM32G0C1VCI6, STM32G0C1VEI6, STM32G471CCT6, STM32G471CCU6, STM32G471CET3, STM32G471CET6, STM32G471CEU3, STM32G471CEU6, STM32G471MCT6, STM32G471MET3, STM32G471MET6, STM32G471MEY6TR, STM32G471QCT6, STM32G471QET3, STM32G471RCT6, STM32G471RET3, STM32G471RET6, STM32G471VCH6, STM32G471VCI6, STM32G471VCT6, STM32G471VEH3, STM32G471VEH6, STM32G471VEI3, STM32G471VEI6, STM32G471VET3, STM32G471VET6, STM32G474CCT6, STM32H503CBT6, STM32H503CBU6, STM32H503EBY6TR, STM32H503KBU6, STM32H503RBT6, STM32H562AGI6, STM32H562AII6, STM32H562IGK6, STM32H562IGT6, STM32H562IIK6, STM32H562IIT6, STM32H562RGT6, STM32H562RGV6, STM32H562RIT6, STM32H562RIV6, STM32H562VGT6, STM32H562VIT6, STM32H562ZGT6, STM32H562ZIT6, STM32H563AGI6, STM32H563AII3Q, STM32H563AII6, STM32H563IGK6, STM32H563IGT6, STM32H563IIK3Q, STM32H563IIK6, STM32H563IIT3Q, STM32H563IIT6, STM32H563MIY3QTR, STM32H563RGT6, STM32H563RGV6, STM32H563RIT6, STM32H563RIV6, STM32H563VGT6, STM32H563VIT3Q, STM32H563VIT6, STM32H563ZGT6, STM32H563ZIT3Q, STM32H563ZIT6, STM32H573AII3Q, STM32H573AII6, STM32H573I-DK, STM32H573IIK3Q, STM32H573IIK6, STM32H573IIT3Q, STM32H573IIT6, STM32H573MIY3QTR, STM32H573RIT6, STM32H573RIV6, STM32H573VIT3Q, STM32H573VIT6, STM32H573ZIT3Q, STM32H573ZIT6, STM32L4R5QGI6STR, STM32MP131AAE3, STM32MP131AAF3, STM32MP131AAG3, STM32MP131CAE3, STM32MP131CAF3, STM32MP131CAG3, STM32MP131DAE7, STM32MP131DAF7, STM32MP131DAG7, STM32MP131FAE7, STM32MP131FAF7, STM32MP131FAG7, STM32MP133AAE3, STM32MP133AAF3, STM32MP133AAG3, STM32MP133CAE3, STM32MP133CAF3, STM32MP133CAG3, STM32MP133DAE7, STM32MP133DAF7, STM32MP133DAG7, STM32MP133FAE7, STM32MP133FAF7, STM32MP133FAG7, STM32MP135AAE3, STM32MP135AAF3, STM32MP135AAG3, STM32MP135CAE3, STM32MP135CAF3, STM32MP135CAG3, STM32MP135DAE7, STM32MP135DAF7, STM32MP135DAG7, STM32MP135F-DK, STM32MP135FAE7, STM32MP135FAF7, STM32MP135FAF7T, STM32MP135FAF7U, STM32MP135FAG7, STM32U535CBT6, STM32U535CBT6Q, STM32U535CBU6, STM32U535CBU6Q, STM32U535CCT6, STM32U535CCT6Q, STM32U535CCU6, STM32U535CCU6Q, STM32U535CET6, STM32U535CET6Q, STM32U535CEU6, STM32U535CEU6Q, STM32U535JEY6QTR, STM32U535NCY6QTR, STM32U535NEY6QTR, STM32U535RBI6, STM32U535RBI6Q, STM32U535RBT6, STM32U535RBT6Q, STM32U535RCI6, STM32U535RCI6Q, STM32U535RCT6, STM32U535RCT6Q, STM32U535REI6, STM32U535REI6Q, STM32U535RET6, STM32U535RET6Q, STM32U535VCI6, STM32U535VCI6Q, STM32U535VCT6, STM32U535VCT6Q, STM32U535VEI6, STM32U535VEI6Q, STM32U535VET6, STM32U535VET6Q, STM32U545CET6, STM32U545CET6Q, STM32U545CEU6, STM32U545CEU6Q, STM32U545JEY6QTR, STM32U545NEY6QTR, STM32U545REI6, STM32U545REI6Q, STM32U545RET6, STM32U545RET6Q, STM32U545VEI6, STM32U545VEI6Q, STM32U545VET6, STM32U545VET6Q, STM32U595AIH6, STM32U595AIH6Q, STM32U595AJH6, STM32U595AJH6Q, STM32U595QII6, STM32U595QII6Q, STM32U595QJI6, STM32U595QJI6Q, STM32U595RIT6, STM32U595RIT6Q, STM32U595RJT6, STM32U595RJT6Q, STM32U595VIT6, STM32U595VIT6Q, STM32U595VJT6, STM32U595VJT6Q, STM32U595ZIT6, STM32U595ZIT6Q, STM32U595ZIY6QTR, STM32U595ZJT6, STM32U595ZJT6Q, STM32U595ZJY6QTR, STM32U599BJY6QTR, STM32U599NIH6Q, STM32U599NJH6Q, STM32U599VIT6Q, STM32U599VJT6, STM32U599VJT6Q, STM32U599ZIT6Q, STM32U599ZIY6QTR, STM32U599ZJT6Q, STM32U599ZJY6QTR, STM32U5A5AJH6, STM32U5A5AJH6Q, STM32U5A5QJI6, STM32U5A5QJI6Q, STM32U5A5RJT6, STM32U5A5RJT6Q, STM32U5A5VJT6, STM32U5A5VJT6Q, STM32U5A5ZJT6, STM32U5A5ZJT6Q, STM32U5A5ZJY6QTR, STM32U5A9BJY6QTR, STM32U5A9J-DK, STM32U5A9NJH6Q, STM32U5A9VJT6Q, STM32U5A9ZJT6Q, STM32U5A9ZJY6QTR, STM32WB1MMCH6, STM32WBA52CEU6, STM32WBA52CEU6T, STM32WBA52CGU6, STM32WBA52CGU6T, STM32WL5MOCH6, STM32WL5MOCH6TR]
2023-06-02 17:22:36,562 [WARN] PackLoader:240 - Cannot read IP mode file for STMicroelectronics.FP-SNS-FLIGHT1.5.0.0
2023-06-02 17:22:36,576 [INFO] DbMcus:216 - Found 3775 MCUs, 3775 are supported
2023-06-02 17:22:36,584 [INFO] ApiDb:423 - Load user favorites file /Users/nithish/.stm32cubeide/favorites.mcus.txt: 0 item(s)
2023-06-02 17:22:36,585 [INFO] ApiDb:427 - User favorites MCUs=[]
2023-06-02 17:22:36,585 [INFO] DbMcus:222 - Set 0 / 0 favorites MCUs
2023-06-02 17:22:36,591 [ERROR] RealEvaluatedCondition:428 - Found unsupported composite condition: GROUP='STM32_MetaDataManager' CLASS='Data Exchange'
2023-06-02 17:22:36,591 [ERROR] RealEvaluatedCondition:428 - Found unsupported composite condition: CLASS='Data Exchange' GROUP='STM32_MetaDataManager'
2023-06-02 17:22:36,596 [WARN] PackLoader:240 - Cannot read IP mode file for STMicroelectronics.FP-SNS-MOTENV1.4.3.1
2023-06-02 17:22:36,630 [WARN] PackLoader:240 - Cannot read IP mode file for STMicroelectronics.FP-SNS-FLIGHT1.5.0.1
2023-06-02 17:22:36,676 [WARN] PackLoader:240 - Cannot read IP mode file for STMicroelectronics.X-CUBE-BLE1.6.2.4
2023-06-02 17:22:36,736 [WARN] PackLoader:240 - Cannot read IP mode file for emotas.I-CUBE-CANOPEN.1.1.3
2023-06-02 17:22:36,773 [WARN] PackLoader:240 - Cannot read IP mode file for STMicroelectronics.X-CUBE-BLEMGR.2.0.0
2023-06-02 17:22:36,853 [WARN] ConditionMgr:438 - getConditionDescription Invalid condition id : UX DEVICE CLASS RTOS Condition cause : null
2023-06-02 17:22:36,855 [WARN] ConditionMgr:438 - getConditionDescription Invalid condition id : UX DEVICE CLASS RTOS Condition cause : null
2023-06-02 17:22:36,909 [WARN] PackLoader:240 - Cannot read IP mode file for STMicroelectronics.X-CUBE-AZRTOS-H7.3.1.0
2023-06-02 17:22:36,943 [WARN] ConditionMgr:1039 - genDependencies : Invalid condition id : UX DEVICE CLASS RTOS Condition cause : null
2023-06-02 17:22:36,945 [WARN] ConditionMgr:1039 - genDependencies : Invalid condition id : UX DEVICE CLASS RTOS Condition cause : null
2023-06-02 17:22:36,949 [WARN] ConditionMgr:1039 - genDependencies : Invalid condition id : UX DEVICE CLASS RTOS Condition cause : null
2023-06-02 17:22:36,951 [WARN] ConditionMgr:1039 - genDependencies : Invalid condition id : UX DEVICE CLASS RTOS Condition cause : null
2023-06-02 17:22:36,951 [WARN] ConditionMgr:1039 - genDependencies : Invalid condition id : UX DEVICE CLASS RTOS Condition cause : null
2023-06-02 17:22:37,020 [WARN] PackLoader:240 - Cannot read IP mode file for STMicroelectronics.X-CUBE-DISPLAY.3.0.0
2023-06-02 17:22:37,050 [WARN] PackLoader:240 - Cannot read IP mode file for STMicroelectronics.X-CUBE-NFC7.1.0.0
2023-06-02 17:22:37,061 [WARN] PackLoader:240 - Cannot read IP mode file for STMicroelectronics.X-CUBE-EEPRMA1.4.1.0
2023-06-02 17:22:37,140 [WARN] ConditionMgr:438 - getConditionDescription Invalid condition id : LAN8742 Phy interface Condition cause : null
2023-06-02 17:22:37,154 [WARN] PackLoader:240 - Cannot read IP mode file for STMicroelectronics.X-CUBE-AZRTOS-L4.2.0.0
2023-06-02 17:22:37,171 [WARN] ConditionMgr:1039 - genDependencies : Invalid condition id : LAN8742 Phy interface Condition cause : null
2023-06-02 17:22:37,173 [WARN] ConditionMgr:1039 - genDependencies : Invalid condition id : LAN8742 Phy interface Condition cause : null
2023-06-02 17:22:37,175 [WARN] ConditionMgr:1039 - genDependencies : Invalid condition id : LAN8742 Phy interface Condition cause : null
2023-06-02 17:22:37,182 [INFO] ApiDb:668 - CubeFinder database Data Model version=2.1
2023-06-02 17:22:37,183 [INFO] ApiDb:669 - CubeFinder database Configuration version=3.0.35
2023-06-02 17:22:37,184 [INFO] ApiDb:670 - CubeFinder database generation date=2023-05-12 (1683877179)
2023-06-02 17:22:37,184 [INFO] ApiDb:671 - CubeFinder database FW Pack versions=[FP-ATR-ASTRA1_V2.0.0, FP-SNS-FLIGHT1_V5.0.0, FP-SNS-MOTENV1_V4.3.0, STM32Cube_FW_C0_V1.0.1, STM32Cube_FW_F0_V1.11.4, STM32Cube_FW_F3_V1.11.4, STM32Cube_FW_F4_V1.27.1, STM32Cube_FW_F7_V1.17.0, STM32Cube_FW_G0_V1.6.1, STM32Cube_FW_G4_V1.5.1, STM32Cube_FW_H5_V0.5.1, STM32Cube_FW_H5_V1.0.0, STM32Cube_FW_H7_V1.11.0, STM32Cube_FW_L0_V1.12.2, STM32Cube_FW_L5_V1.5.0, STM32Cube_FW_U5_V1.2.0, STM32Cube_FW_WBA_V1.0.0, STM32Cube_FW_WBA_V1.0.0RC1, STM32Cube_FW_WBA_V1.0.0RC3, STM32Cube_FW_WB_V1.15.0RC1, STM32Cube_FW_WB_V1.16.0, STM32Cube_FW_WB_V1.16.0RC2, STM32Cube_FW_WL_V1.3.0, X-CUBE-ALGOBUILD_V1.3.0, X-CUBE-ALS_V1.0.1, X-CUBE-AZRTOS-F4_V1.1.0, X-CUBE-AZRTOS-F7_V1.1.0, X-CUBE-AZRTOS-G0_V1.1.0, X-CUBE-AZRTOS-G4_V2.0.0, X-CUBE-AZRTOS-H7_V3.1.0, X-CUBE-AZRTOS-L4_V1.0.0, X-CUBE-AZRTOS-L5_V1.1.0, X-CUBE-AZRTOS-WB_V1.1.0, X-CUBE-AZRTOS-WL_V1.0.0, X-CUBE-BLE1_V6.2.4, X-CUBE-BLE2_V3.3.0, X-CUBE-BLEMGR_V2.0.0, X-CUBE-EEPRMA1_V4.1.0, X-CUBE-FREERTOS_V1.0.1, X-CUBE-GNSS1_V6.0.0, X-CUBE-MEMS1_V9.1.0, X-CUBE-MEMS1_V9.4.0, X-CUBE-MEMS1_V9.6.0, X-CUBE-NFC4_V3.0.0, X-CUBE-NFC7_V1.0.0, X-CUBE-SFXS2LP1_V4.0.0, X-CUBE-SUBG2_V5.0.0]
2023-06-02 17:22:37,222 [WARN] PackLoader:240 - Cannot read IP mode file for WES.I-CUBE-Cesium.1.3.0
2023-06-02 17:22:37,394 [WARN] PackLoader:240 - Cannot read IP mode file for STMicroelectronics.X-CUBE-SFXS2LP1.4.0.0
2023-06-02 17:22:37,480 [INFO] DbBoardsSqlite:226 - include board P-NUCLEO-WB55-NUCLEO as a kit item of type 'Nucleo-64'
2023-06-02 17:22:37,481 [INFO] DbBoardsSqlite:226 - include board P-NUCLEO-WB55-USBDONGLE as a kit item of type 'Nucleo USB Dongle'
2023-06-02 17:22:37,481 [INFO] DbBoardsSqlite:226 - include board STEVAL-IDP005V1 as a kit item of type 'Evaluation Board'
2023-06-02 17:22:37,481 [INFO] DbBoardsSqlite:226 - include board STEVAL-IDP005V2 as a kit item of type 'Evaluation Board'
2023-06-02 17:22:37,515 [WARN] PackLoader:240 - Cannot read IP mode file for STMicroelectronics.X-CUBE-BLE2.3.3.0
2023-06-02 17:22:37,553 [INFO] ApiDb:240 - Found 297 in-development CPN: [B-G473E-ZEST1S, B-WB1M-WPAN1, B-WL5M-SUBG1, NUCLEO-C031C6, NUCLEO-H503RB, NUCLEO-H563ZI, NUCLEO-U545RE-Q, NUCLEO-U5A5ZJ-Q, NUCLEO-WBA52CG, STEVAL-PROTEUS1, STEVAL-STWINBX1, STM320518-EVAL, STM32C0116-DK, STM32C011D6Y3TR, STM32C011D6Y6TR, STM32C011F4P3, STM32C011F4P6, STM32C011F4U3, STM32C011F4U6TR, STM32C011F6P3, STM32C011F6P6, STM32C011F6U3, STM32C011F6U6TR, STM32C011J4M3, STM32C011J4M6, STM32C011J6M3, STM32C011J6M6, STM32C0316-DK, STM32C031C4T3, STM32C031C4T6, STM32C031C4U3, STM32C031C4U6, STM32C031C6T3, STM32C031C6T6, STM32C031C6U3, STM32C031C6U6, STM32C031F4P3, STM32C031F4P6, STM32C031F6P3, STM32C031F6P6, STM32C031G4U3, STM32C031G4U6, STM32C031G6U3, STM32C031G6U6, STM32C031K4T3, STM32C031K4T6, STM32C031K4U3, STM32C031K4U6, STM32C031K6T3, STM32C031K6T6, STM32C031K6U3, STM32C031K6U6, STM32G071K8TXN, STM32G071K8UXN, STM32G081GBU6N, STM32G081KBT6N, STM32G081KBUXN, STM32G0B1CCT6N, STM32G0B1KCT6, STM32G0B1NEY6TR, STM32G0B1RCT6N, STM32G0C1CCT6, STM32G0C1CCT6N, STM32G0C1CCU6N, STM32G0C1CET6N, STM32G0C1CEU6N, STM32G0C1KCT6, STM32G0C1NEY6TR, STM32G0C1RCI6N, STM32G0C1RCT6N, STM32G0C1REI6N, STM32G0C1RET6N, STM32G0C1VCI6, STM32G0C1VEI6, STM32G471CCT6, STM32G471CCU6, STM32G471CET3, STM32G471CET6, STM32G471CEU3, STM32G471CEU6, STM32G471MCT6, STM32G471MET3, STM32G471MET6, STM32G471MEY6TR, STM32G471QCT6, STM32G471QET3, STM32G471RCT6, STM32G471RET3, STM32G471RET6, STM32G471VCH6, STM32G471VCI6, STM32G471VCT6, STM32G471VEH3, STM32G471VEH6, STM32G471VEI3, STM32G471VEI6, STM32G471VET3, STM32G471VET6, STM32G474CCT6, STM32H503CBT6, STM32H503CBU6, STM32H503EBY6TR, STM32H503KBU6, STM32H503RBT6, STM32H562AGI6, STM32H562AII6, STM32H562IGK6, STM32H562IGT6, STM32H562IIK6, STM32H562IIT6, STM32H562RGT6, STM32H562RGV6, STM32H562RIT6, STM32H562RIV6, STM32H562VGT6, STM32H562VIT6, STM32H562ZGT6, STM32H562ZIT6, STM32H563AGI6, STM32H563AII3Q, STM32H563AII6, STM32H563IGK6, STM32H563IGT6, STM32H563IIK3Q, STM32H563IIK6, STM32H563IIT3Q, STM32H563IIT6, STM32H563MIY3QTR, STM32H563RGT6, STM32H563RGV6, STM32H563RIT6, STM32H563RIV6, STM32H563VGT6, STM32H563VIT3Q, STM32H563VIT6, STM32H563ZGT6, STM32H563ZIT3Q, STM32H563ZIT6, STM32H573AII3Q, STM32H573AII6, STM32H573I-DK, STM32H573IIK3Q, STM32H573IIK6, STM32H573IIT3Q, STM32H573IIT6, STM32H573MIY3QTR, STM32H573RIT6, STM32H573RIV6, STM32H573VIT3Q, STM32H573VIT6, STM32H573ZIT3Q, STM32H573ZIT6, STM32L4R5QGI6STR, STM32MP131AAE3, STM32MP131AAF3, STM32MP131AAG3, STM32MP131CAE3, STM32MP131CAF3, STM32MP131CAG3, STM32MP131DAE7, STM32MP131DAF7, STM32MP131DAG7, STM32MP131FAE7, STM32MP131FAF7, STM32MP131FAG7, STM32MP133AAE3, STM32MP133AAF3, STM32MP133AAG3, STM32MP133CAE3, STM32MP133CAF3, STM32MP133CAG3, STM32MP133DAE7, STM32MP133DAF7, STM32MP133DAG7, STM32MP133FAE7, STM32MP133FAF7, STM32MP133FAG7, STM32MP135AAE3, STM32MP135AAF3, STM32MP135AAG3, STM32MP135CAE3, STM32MP135CAF3, STM32MP135CAG3, STM32MP135DAE7, STM32MP135DAF7, STM32MP135DAG7, STM32MP135F-DK, STM32MP135FAE7, STM32MP135FAF7, STM32MP135FAF7T, STM32MP135FAF7U, STM32MP135FAG7, STM32U535CBT6, STM32U535CBT6Q, STM32U535CBU6, STM32U535CBU6Q, STM32U535CCT6, STM32U535CCT6Q, STM32U535CCU6, STM32U535CCU6Q, STM32U535CET6, STM32U535CET6Q, STM32U535CEU6, STM32U535CEU6Q, STM32U535JEY6QTR, STM32U535NCY6QTR, STM32U535NEY6QTR, STM32U535RBI6, STM32U535RBI6Q, STM32U535RBT6, STM32U535RBT6Q, STM32U535RCI6, STM32U535RCI6Q, STM32U535RCT6, STM32U535RCT6Q, STM32U535REI6, STM32U535REI6Q, STM32U535RET6, STM32U535RET6Q, STM32U535VCI6, STM32U535VCI6Q, STM32U535VCT6, STM32U535VCT6Q, STM32U535VEI6, STM32U535VEI6Q, STM32U535VET6, STM32U535VET6Q, STM32U545CET6, STM32U545CET6Q, STM32U545CEU6, STM32U545CEU6Q, STM32U545JEY6QTR, STM32U545NEY6QTR, STM32U545REI6, STM32U545REI6Q, STM32U545RET6, STM32U545RET6Q, STM32U545VEI6, STM32U545VEI6Q, STM32U545VET6, STM32U545VET6Q, STM32U595AIH6, STM32U595AIH6Q, STM32U595AJH6, STM32U595AJH6Q, STM32U595QII6, STM32U595QII6Q, STM32U595QJI6, STM32U595QJI6Q, STM32U595RIT6, STM32U595RIT6Q, STM32U595RJT6, STM32U595RJT6Q, STM32U595VIT6, STM32U595VIT6Q, STM32U595VJT6, STM32U595VJT6Q, STM32U595ZIT6, STM32U595ZIT6Q, STM32U595ZIY6QTR, STM32U595ZJT6, STM32U595ZJT6Q, STM32U595ZJY6QTR, STM32U599BJY6QTR, STM32U599NIH6Q, STM32U599NJH6Q, STM32U599VIT6Q, STM32U599VJT6, STM32U599VJT6Q, STM32U599ZIT6Q, STM32U599ZIY6QTR, STM32U599ZJT6Q, STM32U599ZJY6QTR, STM32U5A5AJH6, STM32U5A5AJH6Q, STM32U5A5QJI6, STM32U5A5QJI6Q, STM32U5A5RJT6, STM32U5A5RJT6Q, STM32U5A5VJT6, STM32U5A5VJT6Q, STM32U5A5ZJT6, STM32U5A5ZJT6Q, STM32U5A5ZJY6QTR, STM32U5A9BJY6QTR, STM32U5A9J-DK, STM32U5A9NJH6Q, STM32U5A9VJT6Q, STM32U5A9ZJT6Q, STM32U5A9ZJY6QTR, STM32WB1MMCH6, STM32WBA52CEU6, STM32WBA52CEU6T, STM32WBA52CGU6, STM32WBA52CGU6T, STM32WL5MOCH6, STM32WL5MOCH6TR]
2023-06-02 17:22:37,614 [WARN] PackLoader:240 - Cannot read IP mode file for STMicroelectronics.X-CUBE-ISPU.1.1.0
2023-06-02 17:22:37,627 [WARN] PackLoader:240 - Cannot read IP mode file for STMicroelectronics.X-CUBE-FREERTOS.1.0.1
2023-06-02 17:22:37,642 [WARN] PackLoader:240 - Cannot read IP mode file for STMicroelectronics.X-CUBE-TOUCHGFX.4.21.4
2023-06-02 17:22:37,653 [WARN] PackLoader:240 - Cannot read IP mode file for STMicroelectronics.X-CUBE-ALGOBUILD.1.3.0
2023-06-02 17:22:37,684 [WARN] PackLoader:240 - Cannot read IP mode file for STMicroelectronics.X-CUBE-AZRTOS-L5.1.1.0
2023-06-02 17:22:37,745 [WARN] PackLoader:240 - Cannot read IP mode file for STMicroelectronics.X-CUBE-AZRTOS-G0.1.1.0
2023-06-02 17:22:37,767 [WARN] PackLoader:240 - Cannot read IP mode file for STMicroelectronics.X-CUBE-AI.8.0.1
2023-06-02 17:22:37,778 [INFO] BoardInfo:880 - No configuration file found for board P-NUCLEO-WB55
2023-06-02 17:22:37,778 [INFO] DbBoards:157 - Kit is not supported: P-NUCLEO-WB55
2023-06-02 17:22:37,786 [INFO] BoardInfo:880 - No configuration file found for board STEVAL-BFA001V1B
2023-06-02 17:22:37,786 [INFO] DbBoards:157 - Kit is not supported: STEVAL-BFA001V1B
2023-06-02 17:22:37,788 [INFO] BoardInfo:880 - No configuration file found for board STEVAL-BFA001V2B
2023-06-02 17:22:37,788 [INFO] DbBoards:157 - Kit is not supported: STEVAL-BFA001V2B
2023-06-02 17:22:37,791 [WARN] PackLoader:240 - Cannot read IP mode file for STMicroelectronics.X-CUBE-SUBG2.5.0.0
2023-06-02 17:22:37,833 [WARN] PackLoader:240 - Cannot read IP mode file for STMicroelectronics.X-CUBE-NFC4.3.0.0
2023-06-02 17:22:37,910 [WARN] PackLoader:240 - Cannot read IP mode file for STMicroelectronics.X-CUBE-AZRTOS-G4.2.0.0
2023-06-02 17:22:37,939 [WARN] PackLoader:240 - Cannot read IP mode file for STMicroelectronics.X-CUBE-TOF1.3.3.0
2023-06-02 17:22:37,971 [WARN] PackLoader:240 - Cannot read IP mode file for STMicroelectronics.FP-ATR-SIGFOX1.3.2.0
2023-06-02 17:22:38,035 [INFO] DbBoards:161 - Found 187 boards, 184 are supported
2023-06-02 17:22:38,040 [INFO] ApiDb:423 - Load user favorites file /Users/nithish/.stm32cubeide/favorites.boards.txt: 0 item(s)
2023-06-02 17:22:38,040 [INFO] ApiDb:427 - User favorites Boards=[]
2023-06-02 17:22:38,041 [INFO] DbBoards:190 - Set 0 / 0 favorites Boards
2023-06-02 17:22:38,050 [INFO] ApiDb:668 - CubeFinder database Data Model version=2.1
2023-06-02 17:22:38,050 [INFO] ApiDb:669 - CubeFinder database Configuration version=3.0.35
2023-06-02 17:22:38,050 [INFO] ApiDb:670 - CubeFinder database generation date=2023-05-12 (1683877179)
2023-06-02 17:22:38,051 [INFO] ApiDb:671 - CubeFinder database FW Pack versions=[FP-ATR-ASTRA1_V2.0.0, FP-SNS-FLIGHT1_V5.0.0, FP-SNS-MOTENV1_V4.3.0, STM32Cube_FW_C0_V1.0.1, STM32Cube_FW_F0_V1.11.4, STM32Cube_FW_F3_V1.11.4, STM32Cube_FW_F4_V1.27.1, STM32Cube_FW_F7_V1.17.0, STM32Cube_FW_G0_V1.6.1, STM32Cube_FW_G4_V1.5.1, STM32Cube_FW_H5_V0.5.1, STM32Cube_FW_H5_V1.0.0, STM32Cube_FW_H7_V1.11.0, STM32Cube_FW_L0_V1.12.2, STM32Cube_FW_L5_V1.5.0, STM32Cube_FW_U5_V1.2.0, STM32Cube_FW_WBA_V1.0.0, STM32Cube_FW_WBA_V1.0.0RC1, STM32Cube_FW_WBA_V1.0.0RC3, STM32Cube_FW_WB_V1.15.0RC1, STM32Cube_FW_WB_V1.16.0, STM32Cube_FW_WB_V1.16.0RC2, STM32Cube_FW_WL_V1.3.0, X-CUBE-ALGOBUILD_V1.3.0, X-CUBE-ALS_V1.0.1, X-CUBE-AZRTOS-F4_V1.1.0, X-CUBE-AZRTOS-F7_V1.1.0, X-CUBE-AZRTOS-G0_V1.1.0, X-CUBE-AZRTOS-G4_V2.0.0, X-CUBE-AZRTOS-H7_V3.1.0, X-CUBE-AZRTOS-L4_V1.0.0, X-CUBE-AZRTOS-L5_V1.1.0, X-CUBE-AZRTOS-WB_V1.1.0, X-CUBE-AZRTOS-WL_V1.0.0, X-CUBE-BLE1_V6.2.4, X-CUBE-BLE2_V3.3.0, X-CUBE-BLEMGR_V2.0.0, X-CUBE-EEPRMA1_V4.1.0, X-CUBE-FREERTOS_V1.0.1, X-CUBE-GNSS1_V6.0.0, X-CUBE-MEMS1_V9.1.0, X-CUBE-MEMS1_V9.4.0, X-CUBE-MEMS1_V9.6.0, X-CUBE-NFC4_V3.0.0, X-CUBE-NFC7_V1.0.0, X-CUBE-SFXS2LP1_V4.0.0, X-CUBE-SUBG2_V5.0.0]
2023-06-02 17:22:38,071 [WARN] PackLoader:240 - Cannot read IP mode file for STMicroelectronics.X-CUBE-AZRTOS-L4.1.0.0
2023-06-02 17:22:38,135 [WARN] PackLoader:240 - Cannot read IP mode file for STMicroelectronics.X-CUBE-AZRTOS-WL.1.0.0
2023-06-02 17:22:38,157 [WARN] PackLoader:240 - Cannot read IP mode file for portGmbH.I-Cube-SoM-uGOAL.1.1.0
2023-06-02 17:22:38,166 [WARN] PackLoader:240 - Cannot read IP mode file for STMicroelectronics.X-CUBE-ALS.1.0.1
2023-06-02 17:22:38,216 [WARN] PackLoader:240 - Cannot read IP mode file for STMicroelectronics.X-CUBE-AZRTOS-WB.1.1.0
2023-06-02 17:22:38,328 [WARN] PackLoader:240 - Cannot read IP mode file for SEGGER.I-CUBE-embOS.1.3.1
2023-06-02 17:22:38,642 [WARN] PackLoader:240 - Cannot read IP mode file for STMicroelectronics.FP-ATR-ASTRA1.2.0.0
2023-06-02 17:22:38,693 [INFO] ThirdParty:978 - Integrity check success = true
2023-06-02 17:22:38,693 [INFO] IntegrityCheckThread:100 - exiting critical section [integrity check]
2023-06-02 17:22:38,693 [INFO] IntegrityCheckThread:103 - End integrity checks thread
2023-06-02 17:22:39,763 [INFO] DbExamplesSqlite:376 - Ignored 45 examples not supported by CubeIDE
2023-06-02 17:22:39,764 [INFO] DbExamplesSqlite:377 - Found 7342 examples active
2023-06-02 17:22:39,765 [INFO] DbExamplesSqlite:378 - Found 1107 examples obsolete
2023-06-02 17:22:39,766 [INFO] DbExamplesSqlite:379 - Found 0 examples under development
2023-06-02 17:22:39,767 [INFO] DbExamplesSqlite:380 - Found 77 examples not building
2023-06-02 17:22:39,772 [INFO] DbExamples:125 - Found 7374 examples
2023-06-02 17:22:39,804 [INFO] DbExamples:222 - Found 92 boards with related examples
2023-06-02 17:22:39,806 [INFO] DbExamples:235 - Found 78 MCUs with related examples
2023-06-02 17:22:39,839 [INFO] ApiDb:414 - User favorites file not found: /Users/nithish/.stm32cubeide/favorites.examples.txt
2023-06-02 17:22:39,841 [INFO] DbExamples:250 - Set 0 / 0 favorites Examples
2023-06-02 17:22:40,546 [INFO] McuFinderGlobals:66 - Set McuFinderConnectedMode to true
2023-06-02 17:22:40,563 [INFO] MultiScanPanel:200 - Auto-refresh data requested => check proxy status ongoing
2023-06-02 17:22:40,566 [INFO] FinderPluginLoader:95 - Searching for filters in installed packs
2023-06-02 17:22:42,797 [INFO] LoadUrlFilesThread:185 - End of LoadServerUrlFiles without Thread
2023-06-02 17:22:42,836 [INFO] DetailPanel:341 - Set advertising image to /Users/nithish/STM32Cube/Repository//en.prom-stm32h5-mcu-finder.jpg
2023-06-02 17:22:48,275 [INFO] MultiScanPanel:200 - Auto-refresh data requested => check proxy status ongoing
2023-06-02 17:22:48,672 [INFO] LoadUrlFilesThread:185 - End of LoadServerUrlFiles without Thread
2023-06-02 17:22:48,673 [INFO] DetailPanel:341 - Set advertising image to /Users/nithish/STM32Cube/Repository//en.prom-stm32h5-mcu-finder.jpg
2023-06-02 17:23:16,493 [INFO] MainUpdater:2854 - connection check result : 10
2023-06-02 17:23:16,496 [INFO] MainUpdater:2854 - connection check result : 10
2023-06-02 17:23:17,456 [INFO] MicroXplorer:468 - Change Database Path : 
2023-06-02 17:23:17,457 [INFO] MicroXplorer:498 - Change Database Version : DB.6.0.81
2023-06-02 17:23:17,461 [WARN] ThirdParty:871 - waiting for thirdparty lock release [close project]
2023-06-02 17:23:17,462 [INFO] ThirdParty:873 - entering critical section [close project]
2023-06-02 17:23:17,470 [INFO] ThirdParty:883 - exiting critical section [close project]
2023-06-02 17:23:17,493 [INFO] PinOutPanel:1499 - setPackage(No Configuration,No Configuration)
2023-06-02 17:23:17,554 [INFO] UtilMem:75 - Begin LoadConfig() Used Memory: 286313840 Bytes (350224384)
2023-06-02 17:23:17,564 [INFO] OpenFileManager:308 - Change cursor
2023-06-02 17:23:17,985 [INFO] ProjectFactory:402 - No CPN specified for board NUCLEO-G070RB => set CPN to STM32G070RBT6
2023-06-02 17:23:18,147 [INFO] Mcu:1937 - Initializing MCU STM32G070RBTx STM32G070RBTx STM32G070RBT6
2023-06-02 17:23:22,986 [INFO] Context:659 - Trying to add GPIOservice into a context  which must be forbidden
2023-06-02 17:23:24,831 [INFO] Rule:228 - rule 117617 - U5Cobra4M][GTZC] default value MPCBB3 and MPCBB5 - Not Secured memory - MPCBB1 is applicable
2023-06-02 17:23:24,834 [INFO] Rule:228 - rule 117617 - U5Cobra4M][GTZC] default value MPCBB3 and MPCBB5 - Not Secured memory - MPCBB1 is applicable
2023-06-02 17:23:24,834 [INFO] Rule:228 - rule 117617 - U5Cobra4M][GTZC] default value MPCBB3 and MPCBB5 - Not Secured memory - MPCBB2 is applicable
2023-06-02 17:23:24,834 [INFO] Rule:228 - rule 117617 - U5Cobra4M][GTZC] default value MPCBB3 and MPCBB5 - Not Secured memory - MPCBB2 is applicable
2023-06-02 17:23:24,835 [INFO] Rule:228 - rule 117617 - U5Cobra4M][GTZC] default value MPCBB3 and MPCBB5 - Not Secured memory - MPCBB3 is applicable
2023-06-02 17:23:24,835 [INFO] Rule:228 - rule 117617 - U5Cobra4M][GTZC] default value MPCBB3 and MPCBB5 - Not Secured memory - MPCBB3 is applicable
2023-06-02 17:23:24,835 [INFO] Rule:228 - rule 117617 - U5Cobra4M][GTZC] default value MPCBB3 and MPCBB5 - Not Secured memory - MPCBB4 is applicable
2023-06-02 17:23:24,835 [INFO] Rule:228 - rule 117617 - U5Cobra4M][GTZC] default value MPCBB3 and MPCBB5 - Not Secured memory - MPCBB4 is applicable
2023-06-02 17:23:24,835 [INFO] Rule:228 - rule 117617 - U5Cobra4M][GTZC] default value MPCBB3 and MPCBB5 - Secured memory - MPCBB1 is applicable
2023-06-02 17:23:24,835 [INFO] Rule:228 - rule 117617 - U5Cobra4M][GTZC] default value MPCBB3 and MPCBB5 - Secured memory - MPCBB2 is applicable
2023-06-02 17:23:24,835 [INFO] Rule:228 - rule 117617 - U5Cobra4M][GTZC] default value MPCBB3 and MPCBB5 - Secured memory - MPCBB3 is applicable
2023-06-02 17:23:24,835 [INFO] Rule:228 - rule 117617 - U5Cobra4M][GTZC] default value MPCBB3 and MPCBB5 - Secured memory - MPCBB4 is applicable
2023-06-02 17:23:24,835 [INFO] Rule:228 - rule 117617 - U5Cobra4M][GTZC] default value MPCBB3 and MPCBB5 - Privileged memory - MPCBB1 is applicable
2023-06-02 17:23:24,835 [INFO] Rule:228 - rule 117617 - U5Cobra4M][GTZC] default value MPCBB3 and MPCBB5 - Privileged memory - MPCBB2 is applicable
2023-06-02 17:23:24,835 [INFO] Rule:228 - rule 117617 - U5Cobra4M][GTZC] default value MPCBB3 and MPCBB5 - Privileged memory - MPCBB3 is applicable
2023-06-02 17:23:24,835 [INFO] Rule:228 - rule 117617 - U5Cobra4M][GTZC] default value MPCBB3 and MPCBB5 - Privileged memory - MPCBB4 is applicable
2023-06-02 17:23:24,835 [INFO] Rule:228 - rule 117617 - U5Cobra4M][GTZC] default value MPCBB3 and MPCBB5 - Not Privileged memory - MPCBB1 is applicable
2023-06-02 17:23:24,835 [INFO] Rule:228 - rule 117617 - U5Cobra4M][GTZC] default value MPCBB3 and MPCBB5 - Not Privileged memory - MPCBB2 is applicable
2023-06-02 17:23:24,835 [INFO] Rule:228 - rule 117617 - U5Cobra4M][GTZC] default value MPCBB3 and MPCBB5 - Not Privileged memory - MPCBB3 is applicable
2023-06-02 17:23:24,835 [INFO] Rule:228 - rule 117617 - U5Cobra4M][GTZC] default value MPCBB3 and MPCBB5 - Not Privileged memory - MPCBB4 is applicable
2023-06-02 17:23:24,835 [INFO] Rule:228 - rule 117617 - U5Cobra4M][GTZC] default value MPCBB3 and MPCBB5 - Privileged memory - MPCBB1 is applicable
2023-06-02 17:23:24,835 [INFO] Rule:228 - rule 117617 - U5Cobra4M][GTZC] default value MPCBB3 and MPCBB5 - Privileged memory - MPCBB2 is applicable
2023-06-02 17:23:24,835 [INFO] Rule:228 - rule 117617 - U5Cobra4M][GTZC] default value MPCBB3 and MPCBB5 - Privileged memory - MPCBB3 is applicable
2023-06-02 17:23:24,836 [INFO] Rule:228 - rule 117617 - U5Cobra4M][GTZC] default value MPCBB3 and MPCBB5 - Privileged memory - MPCBB4 is applicable
2023-06-02 17:23:24,836 [INFO] Rule:228 - rule 117617 - U5Cobra4M][GTZC] default value MPCBB3 and MPCBB5 - Privileged memory - MPCBB1 is applicable
2023-06-02 17:23:24,836 [INFO] Rule:228 - rule 117617 - U5Cobra4M][GTZC] default value MPCBB3 and MPCBB5 - Privileged memory - MPCBB2 is applicable
2023-06-02 17:23:24,836 [INFO] Rule:228 - rule 117617 - U5Cobra4M][GTZC] default value MPCBB3 and MPCBB5 - Privileged memory - MPCBB3 is applicable
2023-06-02 17:23:24,836 [INFO] Rule:228 - rule 117617 - U5Cobra4M][GTZC] default value MPCBB3 and MPCBB5 - Privileged memory - MPCBB4 is applicable
2023-06-02 17:23:24,836 [INFO] Rule:228 - rule 117617 - U5Cobra4M][GTZC] default value MPCBB3 and MPCBB5 - Not Privileged memory - MPCBB1 is applicable
2023-06-02 17:23:24,836 [INFO] Rule:228 - rule 117617 - U5Cobra4M][GTZC] default value MPCBB3 and MPCBB5 - Not Privileged memory - MPCBB2 is applicable
2023-06-02 17:23:24,836 [INFO] Rule:228 - rule 117617 - U5Cobra4M][GTZC] default value MPCBB3 and MPCBB5 - Not Privileged memory - MPCBB3 is applicable
2023-06-02 17:23:24,836 [INFO] Rule:228 - rule 117617 - U5Cobra4M][GTZC] default value MPCBB3 and MPCBB5 - Not Privileged memory - MPCBB4 is applicable
2023-06-02 17:23:24,836 [INFO] Rule:228 - rule 117617 - U5Cobra4M][GTZC] default value MPCBB3 and MPCBB5 - Privileged memory - MPCBB1 is applicable
2023-06-02 17:23:24,836 [INFO] Rule:228 - rule 117617 - U5Cobra4M][GTZC] default value MPCBB3 and MPCBB5 - Privileged memory - MPCBB2 is applicable
2023-06-02 17:23:24,836 [INFO] Rule:228 - rule 117617 - U5Cobra4M][GTZC] default value MPCBB3 and MPCBB5 - Privileged memory - MPCBB3 is applicable
2023-06-02 17:23:24,836 [INFO] Rule:228 - rule 117617 - U5Cobra4M][GTZC] default value MPCBB3 and MPCBB5 - Privileged memory - MPCBB4 is applicable
2023-06-02 17:23:24,836 [INFO] Rule:228 - rule Rename SubGHz_Phy SUBGHZ_APPLICATION SUBGHZ_PINGPONG to SUBGHZ_ADV_APPLICATION is applicable
2023-06-02 17:23:24,836 [INFO] Rule:228 - rule Rename Enabled to IBEACON is applicable
2023-06-02 17:23:24,836 [INFO] Rule:228 - rule GTZC_S instance for project manager is applicable
2023-06-02 17:23:24,836 [INFO] Rule:228 - rule GTZC_S instance for context M33S is applicable
2023-06-02 17:23:24,837 [INFO] Rule:228 - rule GTZC_S instance value for IP GTZC is applicable
2023-06-02 17:23:24,837 [INFO] Rule:228 - rule GTZC_S instance for mcu.IP is applicable
2023-06-02 17:23:24,838 [INFO] Rule:228 - rule GTZC_S instance for VP is applicable
2023-06-02 17:23:24,838 [INFO] Rule:228 - rule GTZC_S instance for signal is applicable
2023-06-02 17:23:24,838 [INFO] Rule:228 - rule GTZC_S instance for mcu.Pin is applicable
2023-06-02 17:23:24,838 [INFO] Rule:228 - rule GTZC_S instance for VP is applicable
2023-06-02 17:23:24,838 [INFO] Rule:228 - rule GTZC_S instance for signal is applicable
2023-06-02 17:23:24,838 [INFO] Rule:228 - rule GTZC_S instance for mcu is applicable
2023-06-02 17:23:24,838 [INFO] Rule:228 - rule GTZC_S instance for mcu.Pin is applicable
2023-06-02 17:23:24,838 [INFO] Rule:228 - rule GTZC_S instance value for IP GTZC is applicable
2023-06-02 17:23:24,838 [INFO] Rule:228 - rule GTZC_S instance for project manager is applicable
2023-06-02 17:23:24,838 [INFO] Rule:228 - rule GTZC_S instance for context M33S is applicable
2023-06-02 17:23:24,838 [INFO] Rule:228 - rule GTZC_S instance for VP is applicable
2023-06-02 17:23:24,838 [INFO] Rule:228 - rule GTZC_S instance for signal is applicable
2023-06-02 17:23:24,838 [INFO] Rule:228 - rule SPDIFRX instance for mcu is applicable
2023-06-02 17:23:24,838 [INFO] Rule:228 - rule Rename Tracer Mode is applicable
2023-06-02 17:23:24,839 [INFO] Rule:228 - rule SPDIFRX instance value for IP SPDIFRX is applicable
2023-06-02 17:23:24,839 [INFO] Rule:228 - rule SPDIFRX instance for signal is applicable
2023-06-02 17:23:24,839 [INFO] Rule:228 - rule SPDIFRX instance for project manager is applicable
2023-06-02 17:23:24,839 [INFO] Rule:228 - rule SPDIFRX instance for project manager is applicable
2023-06-02 17:23:24,839 [INFO] Rule:228 - rule ADC Scan  fix with FW F7 is applicable
2023-06-02 17:23:24,839 [INFO] Rule:228 - rule ADC Scan  fix with FW F7 is applicable
2023-06-02 17:23:24,839 [INFO] Rule:228 - rule WakeUp0 Mode is applicable
2023-06-02 17:23:24,839 [INFO] Rule:228 - rule WakeUp0 SIGNAL is applicable
2023-06-02 17:23:24,840 [INFO] Rule:228 - rule WakeUp1 Mode is applicable
2023-06-02 17:23:24,842 [INFO] Rule:228 - rule WakeUp1 SIGNAL is applicable
2023-06-02 17:23:24,843 [INFO] Rule:228 - rule WakeUp2 Mode is applicable
2023-06-02 17:23:24,843 [INFO] Rule:228 - rule WakeUp2 SIGNAL is applicable
2023-06-02 17:23:24,843 [INFO] Rule:228 - rule WakeUp4 Mode is applicable
2023-06-02 17:23:24,843 [INFO] Rule:228 - rule WakeUp4 SIGNAL is applicable
2023-06-02 17:23:24,843 [INFO] Rule:228 - rule WakeUp5 Mode is applicable
2023-06-02 17:23:24,843 [INFO] Rule:228 - rule WakeUp5 SIGNAL is applicable
2023-06-02 17:23:24,843 [INFO] Rule:228 - rule Change Default Value for LSE Drive Capability for WB family is applicable
2023-06-02 17:23:24,843 [INFO] Rule:228 - rule Change Default Value for ADC Clock Prescaler G0 family is applicable
2023-06-02 17:23:24,843 [INFO] Rule:228 - rule Rename AES DataEncryptionTypesList to Algorithm is applicable
2023-06-02 17:23:24,844 [INFO] Rule:228 - rule Rename TDESECB to CRYP_TDES_ECB is applicable
2023-06-02 17:23:24,844 [INFO] Rule:228 - rule Rename TDESCBC to CRYP_TDES_CBC is applicable
2023-06-02 17:23:24,844 [INFO] Rule:228 - rule Rename DESECB to CRYP_DES_ECB is applicable
2023-06-02 17:23:24,844 [INFO] Rule:228 - rule Rename DESCBC to CRYP_DES_CBC is applicable
2023-06-02 17:23:24,844 [INFO] Rule:228 - rule Rename AESECB to CRYP_AES_ECB is applicable
2023-06-02 17:23:24,844 [INFO] Rule:228 - rule Rename AESCBC to CRYP_AES_CBC is applicable
2023-06-02 17:23:24,844 [INFO] Rule:228 - rule Rename AESCTR to CRYP_AES_CTR is applicable
2023-06-02 17:23:24,844 [INFO] Rule:228 - rule Rename AESGCM to CRYP_AES_GCM is applicable
2023-06-02 17:23:24,844 [INFO] Rule:228 - rule Rename AESCCM to CRYP_AES_CCM is applicable
2023-06-02 17:23:24,844 [INFO] Rule:228 - rule USART TxPinLevelInvertParam Mode is applicable
2023-06-02 17:23:24,844 [INFO] Rule:228 - rule USART RxPinLevelInvertParam Mode is applicable
2023-06-02 17:23:24,844 [INFO] Rule:228 - rule USART DataInvertParam Mode is applicable
2023-06-02 17:23:24,845 [INFO] Rule:228 - rule USART SwapParam Mode is applicable
2023-06-02 17:23:24,845 [INFO] Rule:228 - rule USART OverrunDisableParam Mode is applicable
2023-06-02 17:23:24,845 [INFO] Rule:228 - rule USART DMADisableonRxErrorParam Mode is applicable
2023-06-02 17:23:24,845 [INFO] Rule:228 - rule USART MSBFirstParam Mode is applicable
2023-06-02 17:23:24,845 [INFO] Rule:228 - rule Update MwName for USB_DEVICE is applicable
2023-06-02 17:23:24,845 [INFO] Rule:228 - rule Change PWR_Regulator_Voltage_Scale Default Value for RCC  H7 family is applicable
2023-06-02 17:23:24,845 [INFO] Rule:228 - rule UART/USART IPParameter rename Prescaler parameter to ClockPrescaler is applicable
2023-06-02 17:23:24,845 [INFO] Rule:228 - rule UART/USART Prescaler rename Prescaler parameter to ClockPrescaler is applicable
2023-06-02 17:23:24,845 [INFO] Rule:228 - rule TIM1CLockSelection is applicable
2023-06-02 17:23:24,846 [INFO] Rule:228 - rule TIM15CLockSelection is applicable
2023-06-02 17:23:24,846 [INFO] Rule:228 - rule align RCC SDMMC3CLockSelection default value on MP1 is applicable
2023-06-02 17:23:24,846 [INFO] Rule:228 - rule align RCC SDMMC12CLockSelection default value on MP1 is applicable
2023-06-02 17:23:24,846 [INFO] Rule:228 - rule align RCC QSPICLockSelection default value on MP1 is applicable
2023-06-02 17:23:24,846 [INFO] Rule:228 - rule align RCC QSPICLockSelection default value on MP1 is applicable
2023-06-02 17:23:24,846 [INFO] Rule:228 - rule align RCC SPI6CLockSelection default value on MP1 is applicable
2023-06-02 17:23:24,846 [INFO] Rule:228 - rule align RCC LPTIM23CLockSelection default value on MP1 is applicable
2023-06-02 17:23:24,846 [INFO] Rule:228 - rule align RCC LPTIM1CLockSelection default value on MP1 is applicable
2023-06-02 17:23:24,846 [INFO] Rule:228 - rule align RCC USART1CLockSelection default value on MP1 is applicable
2023-06-02 17:23:24,846 [INFO] Rule:228 - rule align RCC USART24CLockSelection default value on MP1 is applicable
2023-06-02 17:23:24,846 [INFO] Rule:228 - rule align RCC USART6CLockSelection default value on MP1 is applicable
2023-06-02 17:23:24,846 [INFO] Rule:228 - rule align RCC UART78CLockSelection default value on MP1 is applicable
2023-06-02 17:23:24,846 [INFO] Rule:228 - rule align RCC USART35CLockSelection default value on MP1 is applicable
2023-06-02 17:23:24,846 [INFO] Rule:228 - rule align RCC SPI45CLockSelection default value on MP1 is applicable
2023-06-02 17:23:24,846 [INFO] Rule:228 - rule align RCC I2C46CLockSelection BCLK value on MP1 is applicable
2023-06-02 17:23:24,846 [INFO] Rule:228 - rule align RCC SPI45CLockSelection default value on MP1 is applicable
2023-06-02 17:23:24,846 [INFO] Rule:228 - rule align RCC I2C12CLockSelection default value on MP1 is applicable
2023-06-02 17:23:24,846 [INFO] Rule:228 - rule align RCC I2C35CLockSelection default value on MP1 is applicable
2023-06-02 17:23:24,846 [INFO] Rule:228 - rule align RCC LPTIM45CLockSelection default value on MP1 is applicable
2023-06-02 17:23:24,847 [INFO] Rule:228 - rule Rename DCMI PIXCK signal is applicable
2023-06-02 17:23:24,847 [INFO] Rule:228 - rule Change Default Value for I2C46CLockSelection MP1 family is applicable
2023-06-02 17:23:24,847 [INFO] Rule:228 - rule Change Default Value for UART for G4, G0 and WB families is applicable
2023-06-02 17:23:24,847 [INFO] Rule:228 - rule Change Default Value for USART for G4, G0 and WB families is applicable
2023-06-02 17:23:24,847 [INFO] Rule:228 - rule Change Default Value for USART for G4 family is applicable
2023-06-02 17:23:24,847 [INFO] Rule:228 - rule Change USART1CLockSelection refparam name for MP1 is applicable
2023-06-02 17:23:24,847 [INFO] Rule:228 - rule Change USART2CLockSelection refparam name for MP1 is applicable
2023-06-02 17:23:24,847 [INFO] Rule:228 - rule Change USART3CLockSelection refparam name for MP1 is applicable
2023-06-02 17:23:24,847 [INFO] Rule:228 - rule Change UART4CLockSelection refparam name for MP1 is applicable
2023-06-02 17:23:24,847 [INFO] Rule:228 - rule Change UART5CLockSelection refparam name for MP1 is applicable
2023-06-02 17:23:24,847 [INFO] Rule:228 - rule Change LPUART1CLockSelection refparam name for MP1 is applicable
2023-06-02 17:23:24,848 [INFO] Rule:228 - rule Change LPTIM1CLockSelection refparam name for MP1 is applicable
2023-06-02 17:23:24,848 [INFO] Rule:228 - rule Change LPTIM2CLockSelection refparam name for MP1 is applicable
2023-06-02 17:23:24,849 [INFO] Rule:228 - rule Change RCC_MCO1Source refparam name for MP1 is applicable
2023-06-02 17:23:24,849 [INFO] Rule:228 - rule Change LSCOSource1 refparam name for MP1 is applicable
2023-06-02 17:23:24,849 [INFO] Rule:228 - rule Change SMPSCLockSelection refparam name for MP1 is applicable
2023-06-02 17:23:24,849 [INFO] Rule:228 - rule Change LPTIM3CLockSelection refparam name for MP1 is applicable
2023-06-02 17:23:24,849 [INFO] Rule:228 - rule Change MPCBB* Default Template Mode to Parameters is applicable
2023-06-02 17:23:24,849 [INFO] Rule:228 - rule Change MPCWM* or MPCBB* Secure Mode to Parameters is applicable
2023-06-02 17:23:24,849 [INFO] Rule:228 - rule Change MPCWM* or MPCBB* No Secure Mode to Parameters is applicable
2023-06-02 17:23:24,849 [INFO] Rule:228 - rule Change TZSC IP Secure Mode to Parameters is applicable
2023-06-02 17:23:24,849 [INFO] Rule:228 - rule Change TZSC IP No Secure Mode to Parameters is applicable
2023-06-02 17:23:24,849 [INFO] Rule:228 - rule Change TZSC IP Privilege Mode to Parameters is applicable
2023-06-02 17:23:24,849 [INFO] Rule:228 - rule Change TZSC IP No Privilege Mode to Parameters is applicable
2023-06-02 17:23:24,850 [INFO] Rule:228 - rule Change TZIC IT Secure Mode to Parameters is applicable
2023-06-02 17:23:24,850 [INFO] Rule:228 - rule Change TZIC IT No Secure Mode to Parameters is applicable
2023-06-02 17:23:24,850 [INFO] Rule:228 - rule Add MPCBB1_NonSecureArea_Start_Address value with referenced to MPCBB1_NonSecureArea_Start value is applicable
2023-06-02 17:23:24,850 [INFO] Rule:228 - rule Add MPCBB2_NonSecureArea_Start_Address value with referenced to MPCBB2_NonSecureArea_Start value is applicable
2023-06-02 17:23:24,850 [INFO] Rule:228 - rule Add MPCWM1_NonSecureArea*_Start_Address value with referenced to MPCWM1_NonSecureArea*_Start value is applicable
2023-06-02 17:23:24,850 [INFO] Rule:228 - rule Add MPCWM2_NonSecureArea*_Start_Address value with referenced to MPCWM2_NonSecureArea*_Start value is applicable
2023-06-02 17:23:24,850 [INFO] Rule:228 - rule Add MPCWM3_NonSecureArea_Start_Address value with referenced to MPCWM3_NonSecureArea_Start value is applicable
2023-06-02 17:23:24,850 [INFO] Rule:228 - rule Change Default Value for PLL1UserDefinedConfig is applicable
2023-06-02 17:23:24,850 [INFO] Rule:228 - rule Change GPIO_PuPd Default Value for USART in async mode is applicable
2023-06-02 17:23:24,850 [INFO] Rule:228 - rule Change SMPSDivider Default Value is applicable
2023-06-02 17:23:24,850 [INFO] Rule:228 - rule OPAMP is applicable
2023-06-02 17:23:24,851 [INFO] Rule:228 - rule LPUART IPParameter rename Prescaler parameter to ClockPrescaler for STM32H7 is applicable
2023-06-02 17:23:24,851 [INFO] Rule:228 - rule LPUART IPParameter rename Prescaler parameter to ClockPrescaler for STM32H7 is applicable
2023-06-02 17:23:24,851 [INFO] Rule:228 - rule LPUART IPParameter rename Prescaler parameter to ClockPrescaler for STM32WB is applicable
2023-06-02 17:23:24,851 [INFO] Rule:228 - rule LPUART IPParameter rename Prescaler parameter to ClockPrescaler for STM32WB is applicable
2023-06-02 17:23:24,851 [INFO] Rule:228 - rule LPUART IPParameter rename Prescaler parameter to ClockPrescaler for STM32G4 is applicable
2023-06-02 17:23:24,851 [INFO] Rule:228 - rule LPUART IPParameter rename Prescaler parameter to ClockPrescaler for STM32G4 is applicable
2023-06-02 17:23:24,851 [INFO] Rule:228 - rule LPUART IPParameter rename Prescaler parameter to ClockPrescaler for STM32L5 is applicable
2023-06-02 17:23:24,851 [INFO] Rule:228 - rule LPUART IPParameter rename Prescaler parameter to ClockPrescaler for STM32L5 is applicable
2023-06-02 17:23:24,851 [INFO] Rule:228 - rule LPUART IPParameter rename Prescaler parameter to ClockPrescaler for STM32G4 is applicable
2023-06-02 17:23:24,851 [INFO] Rule:228 - rule LPUART IPParameter rename Prescaler parameter to ClockPrescaler for STM32G4 is applicable
2023-06-02 17:23:24,851 [INFO] Rule:228 - rule USB device lib V2.5.3 for L0 rename USBD_SUPPORT_USER_STRING parameter to USBD_SUPPORT_USER_STRING_DESC4 is applicable
2023-06-02 17:23:24,851 [INFO] Rule:228 - rule I2SCLockSelection clock entry align is applicable
2023-06-02 17:23:24,851 [INFO] Rule:228 - rule Assign TIMx context if used as SYS timebase is applicable
2023-06-02 17:23:24,851 [INFO] Rule:228 - rule Change GPIO_Pu Default Value for I2C is applicable
2023-06-02 17:23:24,851 [INFO] Rule:228 - rule Change GPIO_Pu Default Value for SMBus is applicable
2023-06-02 17:23:24,851 [INFO] Rule:228 - rule change FDCAN default value is applicable
2023-06-02 17:23:24,851 [INFO] Rule:228 - rule Change mode sai is applicable
2023-06-02 17:23:24,851 [INFO] Rule:228 - rule **Change sai mode is applicable
2023-06-02 17:23:24,871 [INFO] DbConfProperties:307 - Apply Compatibility (16/168 Rules)
2023-06-02 17:23:25,629 [INFO] RtosManager:555 - Registered RTOS mode: class=CMSIS, group=RTOS, mode=CMSIS_V1, owner=FREERTOS
2023-06-02 17:23:25,630 [INFO] RtosManager:555 - Registered RTOS mode: class=CMSIS, group=RTOS2, mode=CMSIS_V2, owner=FREERTOS
2023-06-02 17:23:25,630 [INFO] RtosManager:555 - Registered RTOS mode: class=RTOS, group=Core, mode=CMSIS_V1, owner=FREERTOS
2023-06-02 17:23:25,630 [INFO] RtosManager:555 - Registered RTOS mode: class=RTOS, group=Core, mode=CMSIS_V2, owner=FREERTOS
2023-06-02 17:23:25,631 [WARN] ModelIntegratedComponent:184 - Missing modes for component STMicroelectronics:FreeRTOS:0.0.1:STMicroelectronics:RTOS:FreeRTOS:Core:::10.2.0:
2023-06-02 17:23:25,694 [WARN] ModelIntegratedComponent:63 - No mode defined for component null
2023-06-02 17:23:25,695 [WARN] ModelIntegratedComponent:63 - No mode defined for component null
2023-06-02 17:23:25,695 [WARN] ModelIntegratedComponent:63 - No mode defined for component null
2023-06-02 17:23:25,695 [WARN] ModelIntegratedComponent:63 - No mode defined for component null
2023-06-02 17:23:25,695 [WARN] ModelIntegratedComponent:63 - No mode defined for component null
2023-06-02 17:23:25,695 [WARN] ModelIntegratedComponent:63 - No mode defined for component null
2023-06-02 17:23:25,695 [WARN] ModelIntegratedComponent:63 - No mode defined for component null
2023-06-02 17:23:25,695 [WARN] ModelIntegratedComponent:63 - No mode defined for component null
2023-06-02 17:23:25,695 [WARN] ModelIntegratedComponent:63 - No mode defined for component null
2023-06-02 17:23:25,695 [WARN] ModelIntegratedComponent:63 - No mode defined for component null
2023-06-02 17:23:25,695 [WARN] ModelIntegratedComponent:63 - No mode defined for component null
2023-06-02 17:23:25,696 [WARN] ModelIntegratedComponent:63 - No mode defined for component null
2023-06-02 17:23:25,696 [WARN] ModelIntegratedComponent:63 - No mode defined for component null
2023-06-02 17:23:25,696 [WARN] ModelIntegratedComponent:63 - No mode defined for component null
2023-06-02 17:23:25,696 [WARN] ModelIntegratedComponent:63 - No mode defined for component null
2023-06-02 17:23:25,696 [WARN] ModelIntegratedComponent:63 - No mode defined for component null
2023-06-02 17:23:25,696 [WARN] ModelIntegratedComponent:63 - No mode defined for component null
2023-06-02 17:23:25,696 [WARN] ModelIntegratedComponent:63 - No mode defined for component null
2023-06-02 17:23:25,696 [WARN] ModelIntegratedComponent:63 - No mode defined for component null
2023-06-02 17:23:25,696 [WARN] ModelIntegratedComponent:63 - No mode defined for component null
2023-06-02 17:23:25,696 [WARN] ModelIntegratedComponent:63 - No mode defined for component null
2023-06-02 17:23:25,696 [WARN] ModelIntegratedComponent:63 - No mode defined for component null
2023-06-02 17:23:25,696 [WARN] ModelIntegratedComponent:63 - No mode defined for component null
2023-06-02 17:23:25,697 [WARN] ModelIntegratedComponent:63 - No mode defined for component null
2023-06-02 17:23:25,697 [WARN] ModelIntegratedComponent:63 - No mode defined for component null
2023-06-02 17:23:25,697 [WARN] ModelIntegratedComponent:63 - No mode defined for component null
2023-06-02 17:23:25,697 [WARN] ModelIntegratedComponent:63 - No mode defined for component null
2023-06-02 17:23:25,697 [WARN] ModelIntegratedComponent:63 - No mode defined for component null
2023-06-02 17:23:25,697 [WARN] ModelIntegratedComponent:63 - No mode defined for component null
2023-06-02 17:23:25,697 [WARN] ModelIntegratedComponent:63 - No mode defined for component null
2023-06-02 17:23:25,697 [WARN] ModelIntegratedComponent:63 - No mode defined for component null
2023-06-02 17:23:25,697 [WARN] ModelIntegratedComponent:63 - No mode defined for component null
2023-06-02 17:23:25,697 [WARN] ModelIntegratedComponent:63 - No mode defined for component null
2023-06-02 17:23:25,769 [INFO] ThirdPartyModel:298 - Start build external matchings
2023-06-02 17:23:26,606 [INFO] ThirdPartyModel:316 - End build external matchings
2023-06-02 17:23:26,750 [INFO] ImportTextPane:194 - (OptionalMessage_ERROR) IP (RCC) : Invalid parameter (FamilyName)
2023-06-02 17:23:27,711 [INFO] UtilMem:75 - End LoadConfig() Used Memory: 395232368 Bytes (465567744)
2023-06-02 17:23:28,057 [WARN] ThirdParty:833 - waiting for thirdparty lock release [change project]
2023-06-02 17:23:28,062 [INFO] ThirdParty:835 - entering critical section [change project]
2023-06-02 17:23:28,062 [INFO] ThirdParty:1030 - CMSIS Pack Vendor :STMicroelectronics X-CUBE-ISPU 1.1.0
2023-06-02 17:23:28,063 [INFO] ThirdParty:1030 - CMSIS Pack Vendor :STMicroelectronics X-CUBE-GNSS1 6.0.0
2023-06-02 17:23:28,063 [INFO] ThirdParty:1030 - CMSIS Pack Vendor :STMicroelectronics USB_HOST 2.0.0
2023-06-02 17:23:28,063 [INFO] ThirdParty:1030 - CMSIS Pack Vendor :STMicroelectronics X-CUBE-AZRTOS-F4 1.1.0
2023-06-02 17:23:28,063 [INFO] ThirdParty:1030 - CMSIS Pack Vendor :STMicroelectronics LIBJPEG 8.0.0
2023-06-02 17:23:28,063 [INFO] ThirdParty:1030 - CMSIS Pack Vendor :STMicroelectronics X-CUBE-SMBUS 2.1.0
2023-06-02 17:23:28,063 [INFO] ThirdParty:1030 - CMSIS Pack Vendor :wolfSSL I-CUBE-wolfSSL 5.6.0
2023-06-02 17:23:28,063 [INFO] ThirdParty:1030 - CMSIS Pack Vendor :STMicroelectronics USB_DEVICE 3.0.0
2023-06-02 17:23:28,063 [INFO] ThirdParty:1030 - CMSIS Pack Vendor :STMicroelectronics X-CUBE-FREERTOS 1.0.1
2023-06-02 17:23:28,063 [INFO] ThirdParty:1030 - CMSIS Pack Vendor :STMicroelectronics X-CUBE-AZRTOS-F7 1.1.0
2023-06-02 17:23:28,063 [INFO] ThirdParty:1030 - CMSIS Pack Vendor :STMicroelectronics X-CUBE-TOUCHGFX 4.21.4
2023-06-02 17:23:28,063 [INFO] ThirdParty:1030 - CMSIS Pack Vendor :STMicroelectronics USB_DEVICE 2.0.0
2023-06-02 17:23:28,063 [INFO] ThirdParty:1030 - CMSIS Pack Vendor :STMicroelectronics X-CUBE-MEMS1 9.6.0
2023-06-02 17:23:28,063 [INFO] ThirdParty:1030 - CMSIS Pack Vendor :STMicroelectronics FP-SNS-MOTENV1 4.3.0
2023-06-02 17:23:28,063 [INFO] ThirdParty:1030 - CMSIS Pack Vendor :STMicroelectronics FP-SNS-FLIGHT1 5.0.0
2023-06-02 17:23:28,063 [INFO] ThirdParty:1030 - CMSIS Pack Vendor :STMicroelectronics FP-SNS-MOTENV1 4.3.1
2023-06-02 17:23:28,080 [INFO] ThirdParty:1030 - CMSIS Pack Vendor :STMicroelectronics FP-SNS-FLIGHT1 5.0.1
2023-06-02 17:23:28,081 [INFO] ThirdParty:1030 - CMSIS Pack Vendor :STMicroelectronics X-CUBE-ALGOBUILD 1.3.0
2023-06-02 17:23:28,081 [INFO] ThirdParty:1030 - CMSIS Pack Vendor :STMicroelectronics X-CUBE-BLE1 6.2.4
2023-06-02 17:23:28,081 [INFO] ThirdParty:1030 - CMSIS Pack Vendor :STMicroelectronics X-CUBE-AZRTOS-L5 1.1.0
2023-06-02 17:23:28,081 [INFO] ThirdParty:1030 - CMSIS Pack Vendor :STMicroelectronics FreeRTOS 0.0.1
2023-06-02 17:23:28,081 [INFO] ThirdParty:1030 - CMSIS Pack Vendor :emotas I-CUBE-CANOPEN 1.1.3
2023-06-02 17:23:28,081 [INFO] ThirdParty:1030 - CMSIS Pack Vendor :STMicroelectronics X-CUBE-AZRTOS-G0 1.1.0
2023-06-02 17:23:28,081 [INFO] ThirdParty:1030 - CMSIS Pack Vendor :STMicroelectronics X-CUBE-BLEMGR 2.0.0
2023-06-02 17:23:28,081 [INFO] ThirdParty:1030 - CMSIS Pack Vendor :STMicroelectronics X-CUBE-AI 8.0.1
2023-06-02 17:23:28,081 [INFO] ThirdParty:1030 - CMSIS Pack Vendor :STMicroelectronics X-CUBE-SUBG2 5.0.0
2023-06-02 17:23:28,081 [INFO] ThirdParty:1030 - CMSIS Pack Vendor :STMicroelectronics X-CUBE-NFC4 3.0.0
2023-06-02 17:23:28,081 [INFO] ThirdParty:1030 - CMSIS Pack Vendor :STMicroelectronics STM32_WPAN 1.0.0
2023-06-02 17:23:28,081 [INFO] ThirdParty:1030 - CMSIS Pack Vendor :STMicroelectronics lwIP 2.0.3
2023-06-02 17:23:28,081 [INFO] ThirdParty:1030 - CMSIS Pack Vendor :STMicroelectronics USB_HOST 1.0.0
2023-06-02 17:23:28,081 [INFO] ThirdParty:1030 - CMSIS Pack Vendor :STMicroelectronics X-CUBE-AZRTOS-G4 2.0.0
2023-06-02 17:23:28,082 [INFO] ThirdParty:1030 - CMSIS Pack Vendor :STMicroelectronics PDM2PCM 3.1.0
2023-06-02 17:23:28,082 [INFO] ThirdParty:1030 - CMSIS Pack Vendor :STMicroelectronics X-CUBE-AZRTOS-H7 3.1.0
2023-06-02 17:23:28,082 [INFO] ThirdParty:1030 - CMSIS Pack Vendor :STMicroelectronics X-CUBE-TOF1 3.3.0
2023-06-02 17:23:28,082 [INFO] ThirdParty:1030 - CMSIS Pack Vendor :STMicroelectronics PDM2PCM 3.3.0
2023-06-02 17:23:28,082 [INFO] ThirdParty:1030 - CMSIS Pack Vendor :STMicroelectronics X-CUBE-DISPLAY 3.0.0
2023-06-02 17:23:28,082 [INFO] ThirdParty:1030 - CMSIS Pack Vendor :STMicroelectronics FP-ATR-SIGFOX1 3.2.0
2023-06-02 17:23:28,082 [INFO] ThirdParty:1030 - CMSIS Pack Vendor :STMicroelectronics X-CUBE-AZRTOS-L4 1.0.0
2023-06-02 17:23:28,082 [INFO] ThirdParty:1030 - CMSIS Pack Vendor :STMicroelectronics HAL Drivers 0.0.0
2023-06-02 17:23:28,082 [INFO] ThirdParty:1030 - CMSIS Pack Vendor :STMicroelectronics MBEDTLS 2.16.2
2023-06-02 17:23:28,082 [INFO] ThirdParty:1030 - CMSIS Pack Vendor :STMicroelectronics MBEDTLS 2.14.1
2023-06-02 17:23:28,082 [INFO] ThirdParty:1030 - CMSIS Pack Vendor :STMicroelectronics X-CUBE-NFC7 1.0.0
2023-06-02 17:23:28,082 [INFO] ThirdParty:1030 - CMSIS Pack Vendor :STMicroelectronics X-CUBE-AZRTOS-WL 1.0.0
2023-06-02 17:23:28,082 [INFO] ThirdParty:1030 - CMSIS Pack Vendor :STMicroelectronics X-CUBE-EEPRMA1 4.1.0
2023-06-02 17:23:28,082 [INFO] ThirdParty:1030 - CMSIS Pack Vendor :portGmbH I-Cube-SoM-uGOAL 1.1.0
2023-06-02 17:23:28,082 [INFO] ThirdParty:1030 - CMSIS Pack Vendor :STMicroelectronics X-CUBE-ALS 1.0.1
2023-06-02 17:23:28,082 [INFO] ThirdParty:1030 - CMSIS Pack Vendor :STMicroelectronics ThreadX 1.0.0
2023-06-02 17:23:28,082 [INFO] ThirdParty:1030 - CMSIS Pack Vendor :STMicroelectronics X-CUBE-AZRTOS-WB 1.1.0
2023-06-02 17:23:28,082 [INFO] ThirdParty:1030 - CMSIS Pack Vendor :SEGGER I-CUBE-embOS 1.3.1
2023-06-02 17:23:28,082 [INFO] ThirdParty:1030 - CMSIS Pack Vendor :STMicroelectronics USB_DEVICE 1.0.0
2023-06-02 17:23:28,082 [INFO] ThirdParty:1030 - CMSIS Pack Vendor :STMicroelectronics X-CUBE-AZRTOS-L4 2.0.0
2023-06-02 17:23:28,082 [INFO] ThirdParty:1030 - CMSIS Pack Vendor :STMicroelectronics ThreadX 0.0.2
2023-06-02 17:23:28,082 [INFO] ThirdParty:1030 - CMSIS Pack Vendor :WES I-CUBE-Cesium 1.3.0
2023-06-02 17:23:28,082 [INFO] ThirdParty:1030 - CMSIS Pack Vendor :STMicroelectronics FP-ATR-ASTRA1 2.0.0
2023-06-02 17:23:28,082 [INFO] ThirdParty:1030 - CMSIS Pack Vendor :STMicroelectronics lwIP 2.1.2
2023-06-02 17:23:28,082 [INFO] ThirdParty:1030 - CMSIS Pack Vendor :STMicroelectronics X-CUBE-SFXS2LP1 4.0.0
2023-06-02 17:23:28,083 [INFO] ThirdParty:1030 - CMSIS Pack Vendor :STMicroelectronics X-CUBE-BLE2 3.3.0
2023-06-02 17:23:28,083 [INFO] ThirdParty:1030 - CMSIS Pack Vendor :STMicroelectronics PDM2PCM 3.2.0
2023-06-02 17:23:28,086 [INFO] ThirdParty:841 - exiting critical section [change project]
2023-06-02 17:23:28,929 [INFO] PinOutPanel:1499 - setPackage(No Configuration,No Configuration)
2023-06-02 17:23:28,947 [INFO] PinOutPanel:1499 - setPackage(STM32G070RBTx,LQFP64)
2023-06-02 17:23:31,848 [INFO] UtilMem:75 - Before build in PCC Used Memory: 383097296 Bytes (465567744)
2023-06-02 17:23:35,556 [INFO] UtilMem:75 - After build in PCC Used Memory: 409066848 Bytes (465567744)
2023-06-02 17:23:35,698 [INFO] IPUIPlugin:80 - create IPUIPlugin
2023-06-02 17:23:35,713 [INFO] IPUIPlugin:80 - create IPUIPlugin
2023-06-02 17:23:35,716 [INFO] IPUIPlugin:80 - create IPUIPlugin
2023-06-02 17:23:35,716 [INFO] IPUIPlugin:80 - create IPUIPlugin
2023-06-02 17:23:35,717 [INFO] IPUIPlugin:80 - create IPUIPlugin
2023-06-02 17:23:35,718 [INFO] IPUIPlugin:80 - create IPUIPlugin
2023-06-02 17:23:35,718 [INFO] IPUIPlugin:80 - create IPUIPlugin
2023-06-02 17:23:35,719 [INFO] IPUIPlugin:80 - create IPUIPlugin
2023-06-02 17:23:35,720 [INFO] IPUIPlugin:80 - create IPUIPlugin
2023-06-02 17:23:35,721 [INFO] IPUIPlugin:80 - create IPUIPlugin
2023-06-02 17:23:35,721 [INFO] IPUIPlugin:80 - create IPUIPlugin
2023-06-02 17:23:35,722 [INFO] IPUIPlugin:80 - create IPUIPlugin
2023-06-02 17:23:35,749 [INFO] IPUIPlugin:80 - create IPUIPlugin
2023-06-02 17:23:35,752 [INFO] IPUIPlugin:80 - create IPUIPlugin
2023-06-02 17:23:35,753 [INFO] IPUIPlugin:80 - create IPUIPlugin
2023-06-02 17:23:35,754 [INFO] IPUIPlugin:80 - create IPUIPlugin
2023-06-02 17:23:35,754 [INFO] IPUIPlugin:80 - create IPUIPlugin
2023-06-02 17:23:35,754 [INFO] IPUIPlugin:80 - create IPUIPlugin
2023-06-02 17:23:35,754 [INFO] IPUIPlugin:80 - create IPUIPlugin
2023-06-02 17:23:35,755 [INFO] IPUIPlugin:80 - create IPUIPlugin
2023-06-02 17:23:35,755 [INFO] IPUIPlugin:80 - create IPUIPlugin
2023-06-02 17:23:35,755 [INFO] IPUIPlugin:80 - create IPUIPlugin
2023-06-02 17:23:35,755 [INFO] IPUIPlugin:80 - create IPUIPlugin
2023-06-02 17:23:35,755 [INFO] IPUIPlugin:80 - create IPUIPlugin
2023-06-02 17:23:35,755 [INFO] IPUIPlugin:80 - create IPUIPlugin
2023-06-02 17:23:35,756 [INFO] IPUIPlugin:80 - create IPUIPlugin
2023-06-02 17:23:35,756 [INFO] IPUIPlugin:80 - create IPUIPlugin
2023-06-02 17:23:35,756 [INFO] IPUIPlugin:80 - create IPUIPlugin
2023-06-02 17:23:35,757 [INFO] IPUIPlugin:80 - create IPUIPlugin
2023-06-02 17:23:35,757 [INFO] IPUIPlugin:80 - create IPUIPlugin
2023-06-02 17:23:37,063 [INFO] CADModel:165 - CPN selected for project levelSTM32G070RBT6
2023-06-02 17:23:37,068 [INFO] CADModel:114 - Register for checkConnection events
2023-06-02 17:23:37,127 [INFO] OpenFileManager:328 - Restore cursor
2023-06-02 17:23:41,148 [INFO] UtilMem:75 - End SaveConfig() Used Memory: 423787128 Bytes (465567744)
2023-06-02 17:23:41,437 [INFO] UtilMem:75 - End SaveConfig() Used Memory: 421115736 Bytes (465567744)
2023-06-02 17:23:43,974 [INFO] BlockDiagram:2759 - set Specific Code input for plugin: NVIC
2023-06-02 17:23:43,978 [INFO] BlockDiagram:2759 - set Specific Code input for plugin: USART
2023-06-02 17:23:43,978 [INFO] BlockDiagram:2759 - set Specific Code input for plugin: SYS
2023-06-02 17:23:43,985 [INFO] BlockDiagram:2759 - set Specific Code input for plugin: GPIO
2023-06-02 17:23:43,985 [INFO] BlockDiagram:2759 - set Specific Code input for plugin: RCC
2023-06-02 17:23:43,986 [INFO] CodeGenerator:793 - code generatio: config db path: /Applications/STM32CubeIDE.app/Contents/Eclipse/plugins/com.st.stm32cube.common.mx_6.8.1.202304191431//db/
2023-06-02 17:23:45,026 [INFO] CodeEngine:255 - oldGeneratedFile, /Users/nithish/STM32CubeIDE/Device_Drivers/uart_brdtobrd/MXTmpFiles/license.tmp_save
2023-06-02 17:23:46,818 [INFO] CodeEngine:279 - Generated code: /Users/nithish/STM32CubeIDE/Device_Drivers/uart_brdtobrd/MXTmpFiles/license.tmp
2023-06-02 17:23:47,882 [INFO] CodeEngine:255 - oldGeneratedFile, /Users/nithish/STM32CubeIDE/Device_Drivers/uart_brdtobrd/MXTmpFiles/gpio.tmp_save
2023-06-02 17:23:49,184 [INFO] CodeEngine:279 - Generated code: /Users/nithish/STM32CubeIDE/Device_Drivers/uart_brdtobrd/MXTmpFiles/gpio.tmp
2023-06-02 17:23:49,798 [INFO] CodeEngine:255 - oldGeneratedFile, /Users/nithish/STM32CubeIDE/Device_Drivers/uart_brdtobrd/Core/Src/stm32g0xx_it.c_save
2023-06-02 17:23:50,119 [INFO] CodeEngine:279 - Generated code: /Users/nithish/STM32CubeIDE/Device_Drivers/uart_brdtobrd/Core/Src/stm32g0xx_it.c
2023-06-02 17:23:50,123 [INFO] CodeEngine:255 - oldGeneratedFile, /Users/nithish/STM32CubeIDE/Device_Drivers/uart_brdtobrd/Core/Inc/stm32g0xx_it.h_save
2023-06-02 17:23:50,290 [INFO] CodeEngine:279 - Generated code: /Users/nithish/STM32CubeIDE/Device_Drivers/uart_brdtobrd/Core/Inc/stm32g0xx_it.h
2023-06-02 17:23:50,301 [INFO] CodeEngine:255 - oldGeneratedFile, /Users/nithish/STM32CubeIDE/Device_Drivers/uart_brdtobrd/Core/Src/stm32g0xx_hal_msp.c_save
2023-06-02 17:23:50,583 [INFO] CodeEngine:279 - Generated code: /Users/nithish/STM32CubeIDE/Device_Drivers/uart_brdtobrd/Core/Src/stm32g0xx_hal_msp.c
2023-06-02 17:23:50,586 [INFO] CodeEngine:255 - oldGeneratedFile, /Users/nithish/STM32CubeIDE/Device_Drivers/uart_brdtobrd/MXTmpFiles/system.tmp_save
2023-06-02 17:23:50,790 [INFO] CodeEngine:279 - Generated code: /Users/nithish/STM32CubeIDE/Device_Drivers/uart_brdtobrd/MXTmpFiles/system.tmp
2023-06-02 17:23:50,804 [INFO] CodeEngine:311 - oldGeneratedFile, /Users/nithish/STM32CubeIDE/Device_Drivers/uart_brdtobrd/Core/Inc/stm32g0xx_hal_conf.h_save
2023-06-02 17:23:51,107 [INFO] CodeEngine:335 - Generated code: /Users/nithish/STM32CubeIDE/Device_Drivers/uart_brdtobrd/Core/Inc/stm32g0xx_hal_conf.h
2023-06-02 17:23:51,672 [INFO] CodeEngine:255 - oldGeneratedFile, /Users/nithish/STM32CubeIDE/Device_Drivers/uart_brdtobrd/Core/Inc/main.h_save
2023-06-02 17:23:52,045 [INFO] CodeEngine:279 - Generated code: /Users/nithish/STM32CubeIDE/Device_Drivers/uart_brdtobrd/Core/Inc/main.h
2023-06-02 17:23:52,048 [INFO] CodeEngine:255 - oldGeneratedFile, /Users/nithish/STM32CubeIDE/Device_Drivers/uart_brdtobrd/Core/Src/main.c_save
2023-06-02 17:23:52,375 [INFO] CodeEngine:279 - Generated code: /Users/nithish/STM32CubeIDE/Device_Drivers/uart_brdtobrd/Core/Src/main.c
2023-06-02 17:23:54,682 [INFO] ProjectBuilder:2996 - Time for Copy HAL[1] : 91mS.
2023-06-02 17:23:54,725 [INFO] ProjectBuilder:4304 - Project Generator version: 3.19.2
2023-06-02 17:23:55,820 [INFO] ConfigFileManager:1483 - The Die is : DIE460
2023-06-02 17:23:55,854 [INFO] ApiDbMcu:507 - Load IP Config File for FATFS
2023-06-02 17:23:55,871 [INFO] ApiDbMcu:507 - Load IP Config File for FREERTOS
2023-06-02 17:23:59,248 [INFO] LogOutputStream:77 - [STDOUT_REDIRECT] 
2023-06-02 17:24:03,355 [INFO] ProjectBuilder:4505 - Time for Generating toolchain IDE Files: 8617mS.
2023-06-02 17:24:03,364 [INFO] ProjectBuilder:2867 - Time for Copy CMSIS : 3mS.
2023-06-02 17:24:03,370 [INFO] ProjectBuilder:2867 - Time for Copy CMSIS : 0mS.
2023-06-02 17:24:05,246 [INFO] McuFinderGlobals:66 - Set McuFinderConnectedMode to true
2023-06-02 17:24:05,282 [INFO] ApiDb:448 - Save user favorites file /Users/nithish/.stm32cubeide/favorites.mcus.txt: 0 item(s)
2023-06-02 17:24:05,284 [INFO] ApiDb:452 - User favorites MCUs=[]
2023-06-02 17:24:05,299 [INFO] ApiDb:448 - Save user favorites file /Users/nithish/.stm32cubeide/favorites.boards.txt: 0 item(s)
2023-06-02 17:24:05,300 [INFO] ApiDb:452 - User favorites Boards=[]
2023-06-02 17:24:32,722 [INFO] UtilMem:75 - End SaveConfig() Used Memory: 655971952 Bytes (824180736)
2023-06-02 17:24:36,264 [INFO] UtilMem:75 - End SaveConfig() Used Memory: 480077912 Bytes (824180736)
2023-06-02 17:24:40,644 [INFO] UtilMem:75 - End SaveConfig() Used Memory: 625562200 Bytes (824180736)
2023-06-02 17:24:41,096 [INFO] BlockDiagram:2759 - set Specific Code input for plugin: NVIC
2023-06-02 17:24:41,097 [INFO] BlockDiagram:2759 - set Specific Code input for plugin: USART
2023-06-02 17:24:41,098 [INFO] BlockDiagram:2759 - set Specific Code input for plugin: SYS
2023-06-02 17:24:41,098 [INFO] BlockDiagram:2759 - set Specific Code input for plugin: GPIO
2023-06-02 17:24:41,098 [INFO] BlockDiagram:2759 - set Specific Code input for plugin: RCC
2023-06-02 17:24:41,100 [INFO] CodeGenerator:793 - code generatio: config db path: /Applications/STM32CubeIDE.app/Contents/Eclipse/plugins/com.st.stm32cube.common.mx_6.8.1.202304191431//db/
2023-06-02 17:24:41,469 [INFO] CodeEngine:255 - oldGeneratedFile, /Users/nithish/STM32CubeIDE/Device_Drivers/uart_brdtobrd/MXTmpFiles/license.tmp_save
2023-06-02 17:24:41,696 [INFO] CodeEngine:279 - Generated code: /Users/nithish/STM32CubeIDE/Device_Drivers/uart_brdtobrd/MXTmpFiles/license.tmp
2023-06-02 17:24:41,721 [INFO] CodeEngine:255 - oldGeneratedFile, /Users/nithish/STM32CubeIDE/Device_Drivers/uart_brdtobrd/MXTmpFiles/gpio.tmp_save
2023-06-02 17:24:41,809 [INFO] CodeEngine:279 - Generated code: /Users/nithish/STM32CubeIDE/Device_Drivers/uart_brdtobrd/MXTmpFiles/gpio.tmp
2023-06-02 17:24:41,865 [INFO] CodeEngine:255 - oldGeneratedFile, /Users/nithish/STM32CubeIDE/Device_Drivers/uart_brdtobrd/Core/Src/stm32g0xx_it.c_save
2023-06-02 17:24:41,947 [INFO] CodeEngine:279 - Generated code: /Users/nithish/STM32CubeIDE/Device_Drivers/uart_brdtobrd/Core/Src/stm32g0xx_it.c
2023-06-02 17:24:41,948 [INFO] CodeEngine:255 - oldGeneratedFile, /Users/nithish/STM32CubeIDE/Device_Drivers/uart_brdtobrd/Core/Inc/stm32g0xx_it.h_save
2023-06-02 17:24:42,011 [INFO] CodeEngine:279 - Generated code: /Users/nithish/STM32CubeIDE/Device_Drivers/uart_brdtobrd/Core/Inc/stm32g0xx_it.h
2023-06-02 17:24:42,019 [INFO] CodeEngine:255 - oldGeneratedFile, /Users/nithish/STM32CubeIDE/Device_Drivers/uart_brdtobrd/Core/Src/stm32g0xx_hal_msp.c_save
2023-06-02 17:24:42,127 [INFO] CodeEngine:279 - Generated code: /Users/nithish/STM32CubeIDE/Device_Drivers/uart_brdtobrd/Core/Src/stm32g0xx_hal_msp.c
2023-06-02 17:24:42,129 [INFO] CodeEngine:255 - oldGeneratedFile, /Users/nithish/STM32CubeIDE/Device_Drivers/uart_brdtobrd/MXTmpFiles/system.tmp_save
2023-06-02 17:24:42,186 [INFO] CodeEngine:279 - Generated code: /Users/nithish/STM32CubeIDE/Device_Drivers/uart_brdtobrd/MXTmpFiles/system.tmp
2023-06-02 17:24:42,189 [INFO] CodeEngine:311 - oldGeneratedFile, /Users/nithish/STM32CubeIDE/Device_Drivers/uart_brdtobrd/Core/Inc/stm32g0xx_hal_conf.h_save
2023-06-02 17:24:42,319 [INFO] CodeEngine:335 - Generated code: /Users/nithish/STM32CubeIDE/Device_Drivers/uart_brdtobrd/Core/Inc/stm32g0xx_hal_conf.h
2023-06-02 17:24:42,355 [INFO] CodeEngine:255 - oldGeneratedFile, /Users/nithish/STM32CubeIDE/Device_Drivers/uart_brdtobrd/Core/Inc/main.h_save
2023-06-02 17:24:42,444 [INFO] CodeEngine:279 - Generated code: /Users/nithish/STM32CubeIDE/Device_Drivers/uart_brdtobrd/Core/Inc/main.h
2023-06-02 17:24:42,446 [INFO] CodeEngine:255 - oldGeneratedFile, /Users/nithish/STM32CubeIDE/Device_Drivers/uart_brdtobrd/Core/Src/main.c_save
2023-06-02 17:24:42,630 [INFO] CodeEngine:279 - Generated code: /Users/nithish/STM32CubeIDE/Device_Drivers/uart_brdtobrd/Core/Src/main.c
2023-06-02 17:24:43,147 [INFO] ProjectBuilder:2996 - Time for Copy HAL[1] : 57mS.
2023-06-02 17:24:43,157 [INFO] ProjectBuilder:4304 - Project Generator version: 3.19.2
2023-06-02 17:24:43,588 [INFO] ConfigFileManager:1483 - The Die is : DIE460
2023-06-02 17:24:46,093 [INFO] ProjectBuilder:4505 - Time for Generating toolchain IDE Files: 2934mS.
2023-06-02 17:24:46,096 [INFO] ProjectBuilder:2867 - Time for Copy CMSIS : 1mS.
2023-06-02 17:24:46,097 [INFO] ProjectBuilder:2867 - Time for Copy CMSIS : 0mS.
